TN:
SF:functions/api/archetype-journey.js
FN:19,toMillis
FN:31,formatDateKey
FN:41,computeCurrentStreak
FN:87,onRequest
FN:182,handleGetCardFrequency
FN:228,handleGetAnalytics
FN:437,handleTrackCards
FN:507,checkAndAwardBadges
FN:547,handleUpdatePreferences
FN:594,handleGetPreferences
FN:619,handleResetAnalytics
FN:646,getUserPreferences
FNDA:0,toMillis
FNDA:0,formatDateKey
FNDA:0,computeCurrentStreak
FNDA:2,onRequest
FNDA:0,handleGetCardFrequency
FNDA:0,handleGetAnalytics
FNDA:0,handleTrackCards
FNDA:0,checkAndAwardBadges
FNDA:0,handleUpdatePreferences
FNDA:1,handleGetPreferences
FNDA:1,handleResetAnalytics
FNDA:3,getUserPreferences
FNF:12
FNH:4
BRDA:1,0,0,1
BRDA:87,1,0,2
BRDA:97,2,0,0
BRDA:104,3,0,0
BRDA:111,4,0,0
BRDA:130,5,0,0
BRDA:130,6,0,0
BRDA:130,7,0,0
BRDA:141,8,0,0
BRDA:141,9,0,0
BRDA:143,10,0,0
BRDA:143,11,0,0
BRDA:145,12,0,1
BRDA:145,13,0,1
BRDA:147,14,0,0
BRDA:147,15,0,0
BRDA:150,16,0,0
BRDA:150,17,0,0
BRDA:155,18,0,0
BRDA:161,19,0,0
BRDA:594,20,0,1
BRDA:604,21,0,0
BRDA:619,22,0,1
BRDA:631,23,0,0
BRDA:646,24,0,3
BRDA:653,25,0,0
BRF:26
BRH:7
DA:1,1
DA:2,1
DA:3,1
DA:4,1
DA:5,1
DA:6,1
DA:7,1
DA:8,1
DA:9,1
DA:10,1
DA:11,1
DA:12,1
DA:13,1
DA:14,1
DA:15,1
DA:16,1
DA:17,1
DA:18,1
DA:19,0
DA:20,0
DA:21,0
DA:22,0
DA:23,0
DA:24,0
DA:25,0
DA:26,0
DA:27,0
DA:28,0
DA:29,0
DA:30,1
DA:31,0
DA:32,0
DA:33,0
DA:34,0
DA:35,0
DA:36,0
DA:37,0
DA:38,0
DA:39,0
DA:40,1
DA:41,0
DA:42,0
DA:43,0
DA:44,0
DA:45,0
DA:46,0
DA:47,0
DA:48,0
DA:49,0
DA:50,0
DA:51,0
DA:52,0
DA:53,0
DA:54,0
DA:55,0
DA:56,0
DA:57,0
DA:58,0
DA:59,0
DA:60,0
DA:61,0
DA:62,0
DA:63,0
DA:64,0
DA:65,0
DA:66,0
DA:67,0
DA:68,0
DA:69,0
DA:70,0
DA:71,0
DA:72,0
DA:73,0
DA:74,0
DA:75,0
DA:76,0
DA:77,0
DA:78,0
DA:79,0
DA:80,0
DA:81,0
DA:82,0
DA:83,1
DA:84,1
DA:85,1
DA:86,1
DA:87,1
DA:88,2
DA:89,2
DA:90,2
DA:91,2
DA:92,2
DA:93,2
DA:94,2
DA:95,2
DA:96,2
DA:97,2
DA:98,0
DA:99,0
DA:100,2
DA:101,2
DA:102,2
DA:103,2
DA:104,2
DA:105,0
DA:106,0
DA:107,0
DA:108,0
DA:109,0
DA:110,2
DA:111,2
DA:112,0
DA:113,0
DA:114,0
DA:115,0
DA:116,0
DA:117,0
DA:118,0
DA:119,0
DA:120,0
DA:121,0
DA:122,0
DA:123,0
DA:124,0
DA:125,0
DA:126,0
DA:127,2
DA:128,2
DA:129,2
DA:130,2
DA:131,0
DA:132,0
DA:133,0
DA:134,0
DA:135,0
DA:136,0
DA:137,0
DA:138,0
DA:139,2
DA:140,2
DA:141,2
DA:142,0
DA:143,2
DA:144,0
DA:145,2
DA:146,1
DA:147,1
DA:148,0
DA:149,0
DA:150,1
DA:151,0
DA:152,0
DA:153,1
DA:154,1
DA:155,1
DA:156,0
DA:157,0
DA:158,0
DA:159,0
DA:160,0
DA:161,2
DA:162,0
DA:163,0
DA:164,0
DA:165,0
DA:166,0
DA:167,0
DA:168,0
DA:169,0
DA:170,0
DA:171,2
DA:172,1
DA:173,1
DA:174,1
DA:175,1
DA:176,1
DA:177,1
DA:178,1
DA:179,1
DA:180,1
DA:181,1
DA:182,0
DA:183,0
DA:184,0
DA:185,0
DA:186,0
DA:187,0
DA:188,0
DA:189,0
DA:190,0
DA:191,0
DA:192,0
DA:193,0
DA:194,0
DA:195,0
DA:196,0
DA:197,0
DA:198,0
DA:199,0
DA:200,0
DA:201,0
DA:202,0
DA:203,0
DA:204,0
DA:205,0
DA:206,0
DA:207,0
DA:208,0
DA:209,0
DA:210,0
DA:211,0
DA:212,0
DA:213,0
DA:214,0
DA:215,0
DA:216,0
DA:217,0
DA:218,0
DA:219,0
DA:220,0
DA:221,0
DA:222,0
DA:223,0
DA:224,1
DA:225,1
DA:226,1
DA:227,1
DA:228,0
DA:229,0
DA:230,0
DA:231,0
DA:232,0
DA:233,0
DA:234,0
DA:235,0
DA:236,0
DA:237,0
DA:238,0
DA:239,0
DA:240,0
DA:241,0
DA:242,0
DA:243,0
DA:244,0
DA:245,0
DA:246,0
DA:247,0
DA:248,0
DA:249,0
DA:250,0
DA:251,0
DA:252,0
DA:253,0
DA:254,0
DA:255,0
DA:256,0
DA:257,0
DA:258,0
DA:259,0
DA:260,0
DA:261,0
DA:262,0
DA:263,0
DA:264,0
DA:265,0
DA:266,0
DA:267,0
DA:268,0
DA:269,0
DA:270,0
DA:271,0
DA:272,0
DA:273,0
DA:274,0
DA:275,0
DA:276,0
DA:277,0
DA:278,0
DA:279,0
DA:280,0
DA:281,0
DA:282,0
DA:283,0
DA:284,0
DA:285,0
DA:286,0
DA:287,0
DA:288,0
DA:289,0
DA:290,0
DA:291,0
DA:292,0
DA:293,0
DA:294,0
DA:295,0
DA:296,0
DA:297,0
DA:298,0
DA:299,0
DA:300,0
DA:301,0
DA:302,0
DA:303,0
DA:304,0
DA:305,0
DA:306,0
DA:307,0
DA:308,0
DA:309,0
DA:310,0
DA:311,0
DA:312,0
DA:313,0
DA:314,0
DA:315,0
DA:316,0
DA:317,0
DA:318,0
DA:319,0
DA:320,0
DA:321,0
DA:322,0
DA:323,0
DA:324,0
DA:325,0
DA:326,0
DA:327,0
DA:328,0
DA:329,0
DA:330,0
DA:331,0
DA:332,0
DA:333,0
DA:334,0
DA:335,0
DA:336,0
DA:337,0
DA:338,0
DA:339,0
DA:340,0
DA:341,0
DA:342,0
DA:343,0
DA:344,0
DA:345,0
DA:346,0
DA:347,0
DA:348,0
DA:349,0
DA:350,0
DA:351,0
DA:352,0
DA:353,0
DA:354,0
DA:355,0
DA:356,0
DA:357,0
DA:358,0
DA:359,0
DA:360,0
DA:361,0
DA:362,0
DA:363,0
DA:364,0
DA:365,0
DA:366,0
DA:367,0
DA:368,0
DA:369,0
DA:370,0
DA:371,0
DA:372,0
DA:373,0
DA:374,0
DA:375,0
DA:376,0
DA:377,0
DA:378,0
DA:379,0
DA:380,0
DA:381,0
DA:382,0
DA:383,0
DA:384,0
DA:385,0
DA:386,0
DA:387,0
DA:388,0
DA:389,0
DA:390,0
DA:391,0
DA:392,0
DA:393,0
DA:394,0
DA:395,0
DA:396,0
DA:397,0
DA:398,0
DA:399,0
DA:400,0
DA:401,0
DA:402,0
DA:403,0
DA:404,0
DA:405,0
DA:406,0
DA:407,0
DA:408,0
DA:409,0
DA:410,0
DA:411,0
DA:412,0
DA:413,0
DA:414,0
DA:415,0
DA:416,0
DA:417,0
DA:418,0
DA:419,0
DA:420,0
DA:421,0
DA:422,0
DA:423,0
DA:424,0
DA:425,0
DA:426,0
DA:427,0
DA:428,0
DA:429,0
DA:430,0
DA:431,0
DA:432,0
DA:433,1
DA:434,1
DA:435,1
DA:436,1
DA:437,0
DA:438,0
DA:439,0
DA:440,0
DA:441,0
DA:442,0
DA:443,0
DA:444,0
DA:445,0
DA:446,0
DA:447,0
DA:448,0
DA:449,0
DA:450,0
DA:451,0
DA:452,0
DA:453,0
DA:454,0
DA:455,0
DA:456,0
DA:457,0
DA:458,0
DA:459,0
DA:460,0
DA:461,0
DA:462,0
DA:463,0
DA:464,0
DA:465,0
DA:466,0
DA:467,0
DA:468,0
DA:469,0
DA:470,0
DA:471,0
DA:472,0
DA:473,0
DA:474,0
DA:475,0
DA:476,0
DA:477,0
DA:478,0
DA:479,0
DA:480,0
DA:481,0
DA:482,0
DA:483,0
DA:484,0
DA:485,0
DA:486,0
DA:487,0
DA:488,0
DA:489,0
DA:490,0
DA:491,0
DA:492,0
DA:493,0
DA:494,1
DA:495,1
DA:496,1
DA:497,1
DA:498,1
DA:499,1
DA:500,1
DA:501,1
DA:502,1
DA:503,1
DA:504,1
DA:505,1
DA:506,1
DA:507,0
DA:508,0
DA:509,0
DA:510,0
DA:511,0
DA:512,0
DA:513,0
DA:514,0
DA:515,0
DA:516,0
DA:517,0
DA:518,0
DA:519,0
DA:520,0
DA:521,0
DA:522,0
DA:523,0
DA:524,0
DA:525,0
DA:526,0
DA:527,0
DA:528,0
DA:529,0
DA:530,0
DA:531,0
DA:532,0
DA:533,0
DA:534,0
DA:535,0
DA:536,0
DA:537,0
DA:538,0
DA:539,0
DA:540,0
DA:541,0
DA:542,0
DA:543,1
DA:544,1
DA:545,1
DA:546,1
DA:547,0
DA:548,0
DA:549,0
DA:550,0
DA:551,0
DA:552,0
DA:553,0
DA:554,0
DA:555,0
DA:556,0
DA:557,0
DA:558,0
DA:559,0
DA:560,0
DA:561,0
DA:562,0
DA:563,0
DA:564,0
DA:565,0
DA:566,0
DA:567,0
DA:568,0
DA:569,0
DA:570,0
DA:571,0
DA:572,0
DA:573,0
DA:574,0
DA:575,0
DA:576,0
DA:577,0
DA:578,0
DA:579,0
DA:580,0
DA:581,0
DA:582,0
DA:583,0
DA:584,0
DA:585,0
DA:586,0
DA:587,0
DA:588,0
DA:589,0
DA:590,1
DA:591,1
DA:592,1
DA:593,1
DA:594,1
DA:595,1
DA:596,1
DA:597,1
DA:598,1
DA:599,1
DA:600,1
DA:601,1
DA:602,1
DA:603,1
DA:604,1
DA:605,0
DA:606,0
DA:607,0
DA:608,0
DA:609,0
DA:610,0
DA:611,0
DA:612,0
DA:613,0
DA:614,1
DA:615,1
DA:616,1
DA:617,1
DA:618,1
DA:619,1
DA:620,1
DA:621,1
DA:622,1
DA:623,1
DA:624,1
DA:625,1
DA:626,1
DA:627,1
DA:628,1
DA:629,1
DA:630,1
DA:631,1
DA:632,0
DA:633,0
DA:634,0
DA:635,0
DA:636,0
DA:637,0
DA:638,0
DA:639,0
DA:640,0
DA:641,1
DA:642,1
DA:643,1
DA:644,1
DA:645,1
DA:646,3
DA:647,3
DA:648,3
DA:649,3
DA:650,3
DA:651,3
DA:652,3
DA:653,3
DA:654,0
DA:655,0
DA:656,0
DA:657,0
DA:658,0
DA:659,0
DA:660,3
DA:661,3
DA:662,3
DA:663,3
DA:664,3
DA:665,3
LH:146
LF:665
end_of_record
SF:functions/api/create-checkout-session.js
FN:56,getOrCreateCustomer
FN:98,onRequestPost
FN:131,anonymous_2
FN:247,onRequestGet
FNDA:1,getOrCreateCustomer
FNDA:2,onRequestPost
FNDA:0,anonymous_2
FNDA:0,onRequestGet
FNF:4
FNH:2
BRDA:1,0,0,1
BRDA:56,1,0,1
BRDA:60,2,0,0
BRDA:98,3,0,2
BRDA:115,4,0,0
BRDA:122,5,0,0
BRDA:126,6,0,0
BRDA:133,7,0,0
BRDA:139,8,0,0
BRDA:145,9,0,0
BRDA:161,10,0,1
BRDA:179,11,0,0
BRDA:179,12,0,0
BRDA:185,13,0,0
BRDA:190,14,0,1
BRDA:194,15,0,0
BRDA:195,16,0,1
BRDA:195,17,0,0
BRDA:198,18,0,0
BRDA:201,19,0,1
BRDA:204,20,0,1
BRDA:204,21,0,0
BRDA:207,22,0,1
BRDA:234,23,0,0
BRF:24
BRH:9
DA:1,1
DA:2,1
DA:3,1
DA:4,1
DA:5,1
DA:6,1
DA:7,1
DA:8,1
DA:9,1
DA:10,1
DA:11,1
DA:12,1
DA:13,1
DA:14,1
DA:15,1
DA:16,1
DA:17,1
DA:18,1
DA:19,1
DA:20,1
DA:21,1
DA:22,1
DA:23,1
DA:24,1
DA:25,1
DA:26,1
DA:27,1
DA:28,1
DA:29,1
DA:30,1
DA:31,1
DA:32,1
DA:33,1
DA:34,1
DA:35,1
DA:36,1
DA:37,1
DA:38,1
DA:39,1
DA:40,1
DA:41,1
DA:42,1
DA:43,1
DA:44,1
DA:45,1
DA:46,1
DA:47,1
DA:48,1
DA:49,1
DA:50,1
DA:51,1
DA:52,1
DA:53,1
DA:54,1
DA:55,1
DA:56,1
DA:57,1
DA:58,1
DA:59,1
DA:60,1
DA:61,0
DA:62,0
DA:63,0
DA:64,0
DA:65,0
DA:66,0
DA:67,0
DA:68,0
DA:69,0
DA:70,0
DA:71,0
DA:72,0
DA:73,0
DA:74,0
DA:75,0
DA:76,0
DA:77,0
DA:78,0
DA:79,0
DA:80,0
DA:81,0
DA:82,0
DA:83,0
DA:84,0
DA:85,0
DA:86,0
DA:87,0
DA:88,0
DA:89,0
DA:90,0
DA:91,0
DA:92,0
DA:93,0
DA:94,0
DA:95,0
DA:96,1
DA:97,1
DA:98,1
DA:99,2
DA:100,2
DA:101,2
DA:102,2
DA:103,2
DA:104,2
DA:105,2
DA:106,2
DA:107,2
DA:108,2
DA:109,2
DA:110,2
DA:111,2
DA:112,2
DA:113,2
DA:114,2
DA:115,2
DA:116,0
DA:117,0
DA:118,0
DA:119,2
DA:120,2
DA:121,2
DA:122,2
DA:123,0
DA:124,0
DA:125,2
DA:126,2
DA:127,0
DA:128,0
DA:129,2
DA:130,2
DA:131,2
DA:132,2
DA:133,2
DA:134,2
DA:135,2
DA:136,2
DA:137,2
DA:138,2
DA:139,2
DA:140,0
DA:141,0
DA:142,2
DA:143,2
DA:144,2
DA:145,2
DA:146,0
DA:147,0
DA:148,2
DA:149,2
DA:150,2
DA:151,2
DA:152,2
DA:153,2
DA:154,2
DA:155,2
DA:156,2
DA:157,2
DA:158,2
DA:159,2
DA:160,2
DA:161,2
DA:162,1
DA:163,1
DA:164,1
DA:165,1
DA:166,1
DA:167,1
DA:168,1
DA:169,1
DA:170,1
DA:171,1
DA:172,1
DA:173,1
DA:174,1
DA:175,1
DA:176,1
DA:177,1
DA:178,1
DA:179,1
DA:180,1
DA:181,1
DA:182,1
DA:183,1
DA:184,1
DA:185,2
DA:186,0
DA:187,0
DA:188,0
DA:189,0
DA:190,0
DA:191,1
DA:192,1
DA:193,1
DA:194,2
DA:195,2
DA:196,2
DA:197,2
DA:198,2
DA:199,0
DA:200,0
DA:201,0
DA:202,1
DA:203,1
DA:204,2
DA:205,2
DA:206,2
DA:207,2
DA:208,1
DA:209,1
DA:210,1
DA:211,1
DA:212,1
DA:213,1
DA:214,1
DA:215,1
DA:216,1
DA:217,1
DA:218,1
DA:219,1
DA:220,1
DA:221,1
DA:222,1
DA:223,1
DA:224,1
DA:225,1
DA:226,1
DA:227,1
DA:228,1
DA:229,1
DA:230,1
DA:231,1
DA:232,1
DA:233,1
DA:234,2
DA:235,0
DA:236,0
DA:237,0
DA:238,0
DA:239,0
DA:240,0
DA:241,2
DA:242,1
DA:243,1
DA:244,1
DA:245,1
DA:246,1
DA:247,1
DA:248,0
DA:249,0
DA:250,0
DA:251,0
DA:252,0
DA:253,0
DA:254,0
DA:255,0
DA:256,0
DA:257,0
DA:258,0
DA:259,0
DA:260,0
DA:261,0
DA:262,0
DA:263,0
DA:264,0
DA:265,0
DA:266,0
DA:267,0
DA:268,0
DA:269,0
DA:270,0
DA:271,0
LH:187
LF:271
end_of_record
SF:functions/api/create-portal-session.js
FN:26,onRequestPost
FN:55,anonymous_1
FNDA:2,onRequestPost
FNDA:0,anonymous_1
FNF:2
FNH:1
BRDA:1,0,0,1
BRDA:26,1,0,2
BRDA:37,2,0,1
BRDA:43,3,0,0
BRDA:45,4,0,1
BRDA:49,5,0,0
BRDA:56,6,0,0
BRDA:68,7,0,0
BRF:8
BRH:4
DA:1,1
DA:2,1
DA:3,1
DA:4,1
DA:5,1
DA:6,1
DA:7,1
DA:8,1
DA:9,1
DA:10,1
DA:11,1
DA:12,1
DA:13,1
DA:14,1
DA:15,1
DA:16,1
DA:17,1
DA:18,1
DA:19,1
DA:20,1
DA:21,1
DA:22,1
DA:23,1
DA:24,1
DA:25,1
DA:26,1
DA:27,2
DA:28,2
DA:29,2
DA:30,2
DA:31,2
DA:32,2
DA:33,2
DA:34,2
DA:35,2
DA:36,2
DA:37,2
DA:38,1
DA:39,1
DA:40,1
DA:41,1
DA:42,1
DA:43,2
DA:44,0
DA:45,0
DA:46,1
DA:47,1
DA:48,1
DA:49,1
DA:50,0
DA:51,0
DA:52,0
DA:53,0
DA:54,0
DA:55,0
DA:56,2
DA:57,2
DA:58,2
DA:59,2
DA:60,2
DA:61,2
DA:62,2
DA:63,2
DA:64,2
DA:65,2
DA:66,2
DA:67,2
DA:68,2
DA:69,0
DA:70,0
DA:71,0
DA:72,0
DA:73,0
DA:74,0
DA:75,0
DA:76,0
DA:77,0
DA:78,2
LH:61
LF:78
end_of_record
SF:functions/api/journal-export/index.js
FN:29,generatePDF
FN:33,encodeText
FN:42,wrapLine
FN:64,generatePageContent
FN:147,addObject
FN:182,anonymous_5
FN:217,formatEntryAsText
FN:297,onRequestGet
FNDA:2001,generatePDF
FNDA:2000,encodeText
FNDA:2001,wrapLine
FNDA:2000,generatePageContent
FNDA:86,addObject
FNDA:40,anonymous_5
FNDA:2,formatEntryAsText
FNDA:0,onRequestGet
FNF:8
FNH:7
BRDA:1,0,0,1
BRDA:29,1,0,2
BRDA:106,2,0,2001
BRDA:107,3,0,0
BRDA:112,4,0,0
BRDA:114,5,0,39
BRDA:119,6,0,1
BRDA:124,7,0,38
BRDA:127,8,0,2000
BRDA:133,9,0,1
BRDA:137,10,0,1
BRDA:141,11,0,0
BRDA:165,12,0,40
BRDA:166,13,0,0
BRDA:189,14,0,86
BRDA:200,15,0,86
BRDA:33,16,0,2000
BRDA:42,17,0,2001
BRDA:44,18,0,0
BRDA:64,19,0,40
BRDA:68,20,0,2000
BRDA:73,21,0,0
BRDA:81,22,0,0
BRDA:89,23,0,0
BRDA:147,24,0,86
BRDA:182,25,0,40
BRDA:217,26,0,1
BRDA:228,27,0,0
BRDA:246,28,0,0
BRDA:247,29,0,0
BRDA:257,30,0,2
BRDA:266,31,0,0
BRDA:267,32,0,0
BRDA:270,33,0,0
BRDA:271,34,0,0
BRDA:278,35,0,0
BRDA:278,36,0,0
BRF:37
BRH:20
DA:1,1
DA:2,1
DA:3,1
DA:4,1
DA:5,1
DA:6,1
DA:7,1
DA:8,1
DA:9,1
DA:10,1
DA:11,1
DA:12,1
DA:13,1
DA:14,1
DA:15,1
DA:16,1
DA:17,1
DA:18,1
DA:19,1
DA:20,1
DA:21,1
DA:22,1
DA:23,1
DA:24,1
DA:25,1
DA:26,1
DA:27,1
DA:28,1
DA:29,1
DA:30,2
DA:31,2
DA:32,2
DA:33,2
DA:34,2000
DA:35,2000
DA:36,2000
DA:37,2000
DA:38,2000
DA:39,2
DA:40,2
DA:41,2
DA:42,2
DA:43,2001
DA:44,2001
DA:45,0
DA:46,0
DA:47,0
DA:48,0
DA:49,0
DA:50,0
DA:51,0
DA:52,0
DA:53,0
DA:54,0
DA:55,0
DA:56,0
DA:57,2001
DA:58,2001
DA:59,2001
DA:60,2001
DA:61,2
DA:62,2
DA:63,2
DA:64,2
DA:65,40
DA:66,40
DA:67,40
DA:68,40
DA:69,2000
DA:70,2000
DA:71,2000
DA:72,2000
DA:73,2000
DA:74,0
DA:75,0
DA:76,2000
DA:77,2000
DA:78,2000
DA:79,2000
DA:80,2000
DA:81,2000
DA:82,0
DA:83,0
DA:84,0
DA:85,2000
DA:86,2000
DA:87,2000
DA:88,2000
DA:89,2000
DA:90,0
DA:91,0
DA:92,2000
DA:93,40
DA:94,40
DA:95,40
DA:96,2
DA:97,2
DA:98,2
DA:99,2
DA:100,2
DA:101,2
DA:102,2
DA:103,2
DA:104,2
DA:105,2
DA:106,2
DA:107,2001
DA:108,2001
DA:109,2001
DA:110,2001
DA:111,2001
DA:112,2001
DA:113,2001
DA:114,2001
DA:115,39
DA:116,39
DA:117,39
DA:118,39
DA:119,39
DA:120,1
DA:121,1
DA:122,1
DA:123,1
DA:124,1
DA:125,38
DA:126,38
DA:127,38
DA:128,2000
DA:129,2000
DA:130,2000
DA:131,2000
DA:132,2001
DA:133,2001
DA:134,2001
DA:135,2
DA:136,2
DA:137,2
DA:138,1
DA:139,1
DA:140,2
DA:141,2
DA:142,2
DA:143,2
DA:144,2
DA:145,2
DA:146,2
DA:147,2
DA:148,86
DA:149,86
DA:150,86
DA:151,2
DA:152,2
DA:153,2
DA:154,2
DA:155,2
DA:156,2
DA:157,2
DA:158,2
DA:159,2
DA:160,2
DA:161,2
DA:162,2
DA:163,2
DA:164,2
DA:165,2
DA:166,40
DA:167,40
DA:168,40
DA:169,40
DA:170,40
DA:171,40
DA:172,40
DA:173,40
DA:174,40
DA:175,40
DA:176,40
DA:177,40
DA:178,40
DA:179,40
DA:180,2
DA:181,2
DA:182,2
DA:183,2
DA:184,2
DA:185,2
DA:186,2
DA:187,2
DA:188,2
DA:189,2
DA:190,86
DA:191,86
DA:192,86
DA:193,2
DA:194,2
DA:195,2
DA:196,2
DA:197,2
DA:198,2
DA:199,2
DA:200,2
DA:201,86
DA:202,86
DA:203,2
DA:204,2
DA:205,2
DA:206,2
DA:207,2
DA:208,2
DA:209,2
DA:210,2
DA:211,2
DA:212,2
DA:213,1
DA:214,1
DA:215,1
DA:216,1
DA:217,1
DA:218,1
DA:219,1
DA:220,1
DA:221,1
DA:222,1
DA:223,1
DA:224,1
DA:225,1
DA:226,1
DA:227,1
DA:228,1
DA:229,1
DA:230,1
DA:231,1
DA:232,1
DA:233,1
DA:234,1
DA:235,1
DA:236,1
DA:237,1
DA:238,1
DA:239,1
DA:240,1
DA:241,1
DA:242,1
DA:243,1
DA:244,1
DA:245,1
DA:246,1
DA:247,1
DA:248,1
DA:249,1
DA:250,1
DA:251,1
DA:252,1
DA:253,1
DA:254,1
DA:255,1
DA:256,1
DA:257,1
DA:258,2
DA:259,2
DA:260,2
DA:261,1
DA:262,1
DA:263,1
DA:264,1
DA:265,1
DA:266,1
DA:267,1
DA:268,1
DA:269,1
DA:270,1
DA:271,1
DA:272,1
DA:273,1
DA:274,1
DA:275,1
DA:276,1
DA:277,1
DA:278,1
DA:279,0
DA:280,0
DA:281,0
DA:282,0
DA:283,0
DA:284,0
DA:285,0
DA:286,0
DA:287,1
DA:288,1
DA:289,1
DA:290,1
DA:291,1
DA:292,1
DA:293,1
DA:294,1
DA:295,1
DA:296,1
DA:297,1
DA:298,0
DA:299,0
DA:300,0
DA:301,0
DA:302,0
DA:303,0
DA:304,0
DA:305,0
DA:306,0
DA:307,0
DA:308,0
DA:309,0
DA:310,0
DA:311,0
DA:312,0
DA:313,0
DA:314,0
DA:315,0
DA:316,0
DA:317,0
DA:318,0
DA:319,0
DA:320,0
DA:321,0
DA:322,0
DA:323,0
DA:324,0
DA:325,0
DA:326,0
DA:327,0
DA:328,0
DA:329,0
DA:330,0
DA:331,0
DA:332,0
DA:333,0
DA:334,0
DA:335,0
DA:336,0
DA:337,0
DA:338,0
DA:339,0
DA:340,0
DA:341,0
DA:342,0
DA:343,0
DA:344,0
DA:345,0
DA:346,0
DA:347,0
DA:348,0
DA:349,0
DA:350,0
DA:351,0
DA:352,0
DA:353,0
DA:354,0
DA:355,0
DA:356,0
DA:357,0
DA:358,0
DA:359,0
DA:360,0
DA:361,0
DA:362,0
DA:363,0
DA:364,0
DA:365,0
DA:366,0
DA:367,0
DA:368,0
DA:369,0
DA:370,0
DA:371,0
DA:372,0
DA:373,0
DA:374,0
DA:375,0
DA:376,0
DA:377,0
DA:378,0
DA:379,0
DA:380,0
DA:381,0
DA:382,0
DA:383,0
DA:384,0
DA:385,0
DA:386,0
DA:387,0
DA:388,0
DA:389,0
DA:390,0
DA:391,0
DA:392,0
DA:393,0
DA:394,0
DA:395,0
DA:396,0
DA:397,0
DA:398,0
DA:399,0
DA:400,0
DA:401,0
DA:402,0
DA:403,0
DA:404,0
DA:405,0
DA:406,0
DA:407,0
DA:408,0
DA:409,0
DA:410,0
DA:411,0
DA:412,0
DA:413,0
DA:414,0
DA:415,0
DA:416,0
DA:417,0
DA:418,0
DA:419,0
DA:420,0
DA:421,0
DA:422,0
DA:423,0
DA:424,0
DA:425,0
DA:426,0
DA:427,0
DA:428,0
DA:429,0
DA:430,0
DA:431,0
DA:432,0
DA:433,0
DA:434,0
DA:435,0
DA:436,0
DA:437,0
DA:438,0
DA:439,0
DA:440,0
DA:441,0
DA:442,0
DA:443,0
DA:444,0
DA:445,0
DA:446,0
DA:447,0
DA:448,0
DA:449,0
DA:450,0
DA:451,0
DA:452,0
DA:453,0
DA:454,0
DA:455,0
DA:456,0
DA:457,0
DA:458,0
DA:459,0
DA:460,0
DA:461,0
DA:462,0
DA:463,0
DA:464,0
DA:465,0
DA:466,0
DA:467,0
DA:468,0
DA:469,0
DA:470,0
DA:471,0
DA:472,0
DA:473,0
DA:474,0
DA:475,0
DA:476,0
LH:270
LF:476
end_of_record
SF:functions/api/journal/[id].js
FN:15,isMissingColumnError
FN:24,onRequestGet
FN:204,onRequestDelete
FNDA:1,isMissingColumnError
FNDA:2,onRequestGet
FNDA:0,onRequestDelete
FNF:3
FNH:2
BRDA:1,0,0,1
BRDA:15,1,0,1
BRDA:16,2,0,0
BRDA:16,3,0,0
BRDA:24,4,0,2
BRDA:33,5,0,0
BRDA:40,6,0,0
BRDA:54,7,0,0
BRDA:120,8,0,1
BRDA:122,9,0,0
BRDA:129,10,0,0
BRDA:136,11,0,0
BRDA:143,12,0,1
BRDA:144,13,0,1
BRDA:146,14,0,1
BRDA:149,15,0,0
BRDA:150,16,0,1
BRDA:160,17,0,1
BRDA:160,18,0,1
BRDA:161,19,0,1
BRDA:161,20,0,1
BRDA:165,21,0,1
BRDA:165,22,0,1
BRDA:168,23,0,1
BRDA:168,24,0,1
BRDA:169,25,0,1
BRDA:170,26,0,1
BRDA:171,27,0,1
BRDA:172,28,0,1
BRDA:176,29,0,1
BRDA:191,30,0,0
BRF:31
BRH:21
DA:1,1
DA:2,1
DA:3,1
DA:4,1
DA:5,1
DA:6,1
DA:7,1
DA:8,1
DA:9,1
DA:10,1
DA:11,1
DA:12,1
DA:13,1
DA:14,1
DA:15,1
DA:16,1
DA:17,1
DA:18,1
DA:19,1
DA:20,1
DA:21,1
DA:22,1
DA:23,1
DA:24,1
DA:25,2
DA:26,2
DA:27,2
DA:28,2
DA:29,2
DA:30,2
DA:31,2
DA:32,2
DA:33,2
DA:34,0
DA:35,0
DA:36,0
DA:37,0
DA:38,0
DA:39,2
DA:40,2
DA:41,0
DA:42,0
DA:43,0
DA:44,0
DA:45,0
DA:46,0
DA:47,0
DA:48,0
DA:49,0
DA:50,0
DA:51,0
DA:52,2
DA:53,2
DA:54,2
DA:55,0
DA:56,0
DA:57,0
DA:58,0
DA:59,0
DA:60,2
DA:61,2
DA:62,2
DA:63,2
DA:64,2
DA:65,2
DA:66,2
DA:67,2
DA:68,2
DA:69,2
DA:70,2
DA:71,2
DA:72,2
DA:73,2
DA:74,2
DA:75,2
DA:76,2
DA:77,2
DA:78,2
DA:79,2
DA:80,2
DA:81,2
DA:82,2
DA:83,2
DA:84,2
DA:85,2
DA:86,2
DA:87,2
DA:88,2
DA:89,2
DA:90,2
DA:91,2
DA:92,2
DA:93,2
DA:94,2
DA:95,2
DA:96,2
DA:97,2
DA:98,2
DA:99,2
DA:100,2
DA:101,2
DA:102,2
DA:103,2
DA:104,2
DA:105,2
DA:106,2
DA:107,2
DA:108,2
DA:109,2
DA:110,2
DA:111,2
DA:112,2
DA:113,2
DA:114,2
DA:115,2
DA:116,2
DA:117,2
DA:118,2
DA:119,2
DA:120,2
DA:121,1
DA:122,1
DA:123,0
DA:124,0
DA:125,1
DA:126,1
DA:127,1
DA:128,2
DA:129,2
DA:130,0
DA:131,0
DA:132,0
DA:133,0
DA:134,0
DA:135,2
DA:136,2
DA:137,0
DA:138,0
DA:139,0
DA:140,0
DA:141,0
DA:142,2
DA:143,2
DA:144,2
DA:145,2
DA:146,2
DA:147,1
DA:148,1
DA:149,1
DA:150,2
DA:151,2
DA:152,2
DA:153,2
DA:154,2
DA:155,2
DA:156,2
DA:157,2
DA:158,2
DA:159,2
DA:160,2
DA:161,2
DA:162,2
DA:163,2
DA:164,2
DA:165,2
DA:166,2
DA:167,2
DA:168,2
DA:169,2
DA:170,2
DA:171,2
DA:172,2
DA:173,2
DA:174,2
DA:175,2
DA:176,2
DA:177,1
DA:178,1
DA:179,1
DA:180,1
DA:181,1
DA:182,1
DA:183,2
DA:184,2
DA:185,2
DA:186,2
DA:187,2
DA:188,2
DA:189,2
DA:190,2
DA:191,2
DA:192,0
DA:193,0
DA:194,0
DA:195,0
DA:196,0
DA:197,0
DA:198,2
DA:199,1
DA:200,1
DA:201,1
DA:202,1
DA:203,1
DA:204,1
DA:205,0
DA:206,0
DA:207,0
DA:208,0
DA:209,0
DA:210,0
DA:211,0
DA:212,0
DA:213,0
DA:214,0
DA:215,0
DA:216,0
DA:217,0
DA:218,0
DA:219,0
DA:220,0
DA:221,0
DA:222,0
DA:223,0
DA:224,0
DA:225,0
DA:226,0
DA:227,0
DA:228,0
DA:229,0
DA:230,0
DA:231,0
DA:232,0
DA:233,0
DA:234,0
DA:235,0
DA:236,0
DA:237,0
DA:238,0
DA:239,0
DA:240,0
DA:241,0
DA:242,0
DA:243,0
DA:244,0
DA:245,0
DA:246,0
DA:247,0
DA:248,0
DA:249,0
DA:250,0
DA:251,0
DA:252,0
DA:253,0
DA:254,0
DA:255,0
DA:256,0
DA:257,0
DA:258,0
DA:259,0
DA:260,0
DA:261,0
DA:262,0
DA:263,0
DA:264,0
DA:265,0
DA:266,0
DA:267,0
DA:268,0
DA:269,0
DA:270,0
DA:271,0
DA:272,0
DA:273,0
DA:274,0
DA:275,0
DA:276,0
DA:277,0
DA:278,0
DA:279,0
DA:280,0
DA:281,0
DA:282,0
DA:283,0
DA:284,0
DA:285,0
DA:286,0
DA:287,0
DA:288,0
DA:289,0
DA:290,0
DA:291,0
DA:292,0
DA:293,0
LH:165
LF:293
end_of_record
SF:functions/api/memories.js
FN:32,createMemoriesHandlers
FN:45,onRequestGet
FN:98,onRequestPost
FN:164,onRequestDelete
FNDA:9,createMemoriesHandlers
FNDA:4,onRequestGet
FNDA:2,onRequestPost
FNDA:3,onRequestDelete
FNF:4
FNH:4
BRDA:1,0,0,1
BRDA:32,1,0,9
BRDA:45,2,0,4
BRDA:53,3,0,1
BRDA:55,4,0,3
BRDA:58,5,0,2
BRDA:60,6,0,2
BRDA:65,7,0,2
BRDA:65,8,0,1
BRDA:72,9,0,2
BRDA:72,10,0,1
BRDA:74,11,0,3
BRDA:83,12,0,0
BRDA:98,13,0,2
BRDA:106,14,0,0
BRDA:114,15,0,0
BRDA:118,16,0,1
BRDA:126,17,0,0
BRDA:131,18,0,1
BRDA:133,19,0,0
BRDA:143,20,0,1
BRDA:150,21,0,0
BRDA:164,22,0,3
BRDA:172,23,0,0
BRDA:180,24,0,1
BRDA:187,25,0,2
BRDA:189,26,0,1
BRDA:197,27,0,0
BRF:28
BRH:20
DA:1,1
DA:2,1
DA:3,1
DA:4,1
DA:5,1
DA:6,1
DA:7,1
DA:8,1
DA:9,1
DA:10,1
DA:11,1
DA:12,1
DA:13,1
DA:14,1
DA:15,1
DA:16,1
DA:17,1
DA:18,1
DA:19,1
DA:20,1
DA:21,1
DA:22,1
DA:23,1
DA:24,1
DA:25,1
DA:26,1
DA:27,1
DA:28,1
DA:29,1
DA:30,1
DA:31,1
DA:32,1
DA:33,9
DA:34,9
DA:35,9
DA:36,9
DA:37,9
DA:38,9
DA:39,9
DA:40,9
DA:41,9
DA:42,9
DA:43,9
DA:44,9
DA:45,9
DA:46,4
DA:47,4
DA:48,4
DA:49,4
DA:50,4
DA:51,4
DA:52,4
DA:53,4
DA:54,1
DA:55,1
DA:56,3
DA:57,3
DA:58,4
DA:59,4
DA:60,4
DA:61,4
DA:62,4
DA:63,4
DA:64,4
DA:65,4
DA:66,4
DA:67,4
DA:68,4
DA:69,4
DA:70,4
DA:71,4
DA:72,4
DA:73,1
DA:74,1
DA:75,3
DA:76,3
DA:77,3
DA:78,3
DA:79,3
DA:80,3
DA:81,3
DA:82,3
DA:83,4
DA:84,0
DA:85,0
DA:86,0
DA:87,9
DA:88,9
DA:89,9
DA:90,9
DA:91,9
DA:92,9
DA:93,9
DA:94,9
DA:95,9
DA:96,9
DA:97,9
DA:98,9
DA:99,2
DA:100,2
DA:101,2
DA:102,2
DA:103,2
DA:104,2
DA:105,2
DA:106,2
DA:107,0
DA:108,0
DA:109,2
DA:110,2
DA:111,2
DA:112,2
DA:113,2
DA:114,2
DA:115,0
DA:116,0
DA:117,2
DA:118,2
DA:119,1
DA:120,1
DA:121,1
DA:122,1
DA:123,1
DA:124,1
DA:125,1
DA:126,2
DA:127,2
DA:128,2
DA:129,2
DA:130,2
DA:131,2
DA:132,1
DA:133,2
DA:134,0
DA:135,0
DA:136,0
DA:137,0
DA:138,0
DA:139,0
DA:140,0
DA:141,0
DA:142,0
DA:143,0
DA:144,1
DA:145,1
DA:146,1
DA:147,1
DA:148,1
DA:149,2
DA:150,2
DA:151,0
DA:152,0
DA:153,0
DA:154,9
DA:155,9
DA:156,9
DA:157,9
DA:158,9
DA:159,9
DA:160,9
DA:161,9
DA:162,9
DA:163,9
DA:164,9
DA:165,3
DA:166,3
DA:167,3
DA:168,3
DA:169,3
DA:170,3
DA:171,3
DA:172,3
DA:173,0
DA:174,0
DA:175,3
DA:176,3
DA:177,3
DA:178,3
DA:179,3
DA:180,3
DA:181,1
DA:182,1
DA:183,1
DA:184,1
DA:185,1
DA:186,1
DA:187,1
DA:188,2
DA:189,3
DA:190,1
DA:191,1
DA:192,1
DA:193,1
DA:194,1
DA:195,1
DA:196,1
DA:197,1
DA:198,0
DA:199,0
DA:200,0
DA:201,0
DA:202,0
DA:203,0
DA:204,0
DA:205,0
DA:206,0
DA:207,9
DA:208,9
DA:209,9
DA:210,9
DA:211,1
DA:212,1
LH:181
LF:212
end_of_record
SF:functions/api/reading-followup.js
FN:41,getReservationTtlSeconds
FN:50,getReservationHeartbeatSeconds
FN:65,onRequestGet
FN:76,onRequestPost
FN:773,getPerReadingFollowUpCount
FN:801,getDailyFollowUpCount
FN:828,reserveFollowUpSlot
FN:923,finalizeFollowUpUsage
FN:962,touchFollowUpReservation
FN:983,createReservationHeartbeat
FN:1008,startReservationHeartbeatTimer
FN:1032,releaseFollowUpReservation
FN:1056,fetchReadingContext
FN:1106,buildJournalContext
FN:1160,getUserPreferences
FN:1193,persistFollowUpToJournal
FN:1245,createToolRoundTripStream
FN:1532,collectFullTextFromSse
FN:1621,wrapStreamWithMetadata
FN:1645,invokeOnce
FN:1651,anonymous_20
FN:1660,invokeSafely
FN:1665,anonymous_22
FN:1675,processCompleteEvents
FN:1754,start
FN:1784,anonymous_25
FN:1794,anonymous_26
FN:1844,cancel
FN:1849,anonymous_28
FN:1858,formatSSEEvent
FN:1261,start
FN:1270,processAzureChunk
FN:1510,cancel
FNDA:0,getReservationTtlSeconds
FNDA:0,getReservationHeartbeatSeconds
FNDA:0,onRequestGet
FNDA:0,onRequestPost
FNDA:2,getPerReadingFollowUpCount
FNDA:1,getDailyFollowUpCount
FNDA:2,reserveFollowUpSlot
FNDA:1,finalizeFollowUpUsage
FNDA:1,touchFollowUpReservation
FNDA:0,createReservationHeartbeat
FNDA:0,startReservationHeartbeatTimer
FNDA:2,releaseFollowUpReservation
FNDA:0,fetchReadingContext
FNDA:0,buildJournalContext
FNDA:0,getUserPreferences
FNDA:0,persistFollowUpToJournal
FNDA:3,createToolRoundTripStream
FNDA:0,collectFullTextFromSse
FNDA:13,wrapStreamWithMetadata
FNDA:7,invokeOnce
FNDA:0,anonymous_20
FNDA:11,invokeSafely
FNDA:0,anonymous_22
FNDA:36,processCompleteEvents
FNDA:31,start
FNDA:0,anonymous_25
FNDA:0,anonymous_26
FNDA:1,cancel
FNDA:0,anonymous_28
FNDA:23,formatSSEEvent
FNDA:12,start
FNDA:24,processAzureChunk
FNDA:0,cancel
FNF:33
FNH:16
BRDA:1,0,0,3
BRDA:773,1,0,2
BRDA:774,2,0,0
BRDA:779,3,0,0
BRDA:782,4,0,0
BRDA:791,5,0,1
BRDA:792,6,0,0
BRDA:801,7,0,1
BRDA:802,8,0,0
BRDA:807,9,0,0
BRDA:810,10,0,0
BRDA:818,11,0,0
BRDA:819,12,0,0
BRDA:828,13,0,2
BRDA:837,14,0,0
BRDA:844,15,0,0
BRDA:847,16,0,0
BRDA:850,17,0,0
BRDA:901,18,0,0
BRDA:901,19,0,0
BRDA:914,20,0,0
BRDA:923,21,0,1
BRDA:931,22,0,0
BRDA:933,23,0,0
BRDA:934,24,0,0
BRDA:935,25,0,0
BRDA:936,26,0,0
BRDA:945,27,0,0
BRDA:952,28,0,0
BRDA:953,29,0,0
BRDA:962,30,0,1
BRDA:963,31,0,0
BRDA:967,32,0,0
BRDA:976,33,0,0
BRDA:977,34,0,0
BRDA:1032,35,0,2
BRDA:1033,36,0,0
BRDA:1040,37,0,1
BRDA:1041,38,0,0
BRDA:1245,39,0,3
BRDA:1621,40,0,13
BRDA:1645,41,0,7
BRDA:1646,42,0,6
BRDA:1646,43,0,1
BRDA:1646,44,0,6
BRDA:1650,45,0,0
BRDA:1650,46,0,0
BRDA:1655,47,0,0
BRDA:1660,48,0,11
BRDA:1661,49,0,9
BRDA:1661,50,0,2
BRDA:1664,51,0,0
BRDA:1664,52,0,0
BRDA:1669,53,0,0
BRDA:1675,54,0,19
BRDA:1678,55,0,0
BRDA:1678,56,0,18
BRDA:1681,57,0,18
BRDA:1682,58,0,0
BRDA:1688,59,0,36
BRDA:1689,60,0,18
BRDA:1697,61,0,3
BRDA:1703,62,0,0
BRDA:1704,63,0,0
BRDA:1705,64,0,0
BRDA:1713,65,0,9
BRDA:1713,66,0,9
BRDA:1720,67,0,0
BRDA:1725,68,0,6
BRDA:1725,69,0,6
BRDA:1728,70,0,4
BRDA:1732,71,0,0
BRDA:1738,72,0,4
BRDA:1740,73,0,2
BRDA:1741,74,0,1
BRDA:1746,75,0,13
BRDA:1746,76,0,12
BRDA:1746,77,0,11
BRDA:1754,78,0,13
BRDA:1766,79,0,31
BRDA:1767,80,0,30
BRDA:1769,81,0,11
BRDA:1771,82,0,0
BRDA:1779,83,0,6
BRDA:1780,84,0,8
BRDA:1780,85,0,6
BRDA:1791,86,0,1
BRDA:1791,87,0,1
BRDA:1799,88,0,5
BRDA:1799,89,0,3
BRDA:1800,90,0,0
BRDA:1804,91,0,2
BRDA:1812,92,0,19
BRDA:1825,93,0,2
BRDA:1826,94,0,1
BRDA:1840,95,0,12
BRDA:1844,96,0,1
BRDA:1846,97,0,0
BRDA:1847,98,0,0
BRDA:1858,99,0,23
BRDA:1261,100,0,3
BRDA:1366,101,0,0
BRDA:1378,102,0,12
BRDA:1380,103,0,3
BRDA:1380,104,0,9
BRDA:1381,105,0,0
BRDA:1381,106,0,9
BRDA:1385,107,0,0
BRDA:1387,108,0,9
BRDA:1389,109,0,6
BRDA:1390,110,0,9
BRDA:1390,111,0,0
BRDA:1390,112,0,0
BRDA:1392,113,0,9
BRDA:1396,114,0,0
BRDA:1399,115,0,0
BRDA:1415,116,0,0
BRDA:1415,117,0,0
BRDA:1419,118,0,1
BRDA:1426,119,0,2
BRDA:1429,120,0,0
BRDA:1429,121,0,2
BRDA:1435,122,0,0
BRDA:1439,123,0,2
BRDA:1452,124,0,0
BRDA:1458,125,0,2
BRDA:1464,126,0,5
BRDA:1466,127,0,2
BRDA:1466,128,0,3
BRDA:1467,129,0,0
BRDA:1467,130,0,3
BRDA:1471,131,0,0
BRDA:1473,132,0,3
BRDA:1475,133,0,0
BRDA:1476,134,0,3
BRDA:1476,135,0,0
BRDA:1476,136,0,0
BRDA:1478,137,0,3
BRDA:1480,138,0,2
BRDA:1482,139,0,0
BRDA:1484,140,0,2
BRDA:1485,141,0,0
BRDA:1495,142,0,2
BRDA:1499,143,0,0
BRDA:1499,144,0,0
BRDA:1501,145,0,2
BRDA:1505,146,0,2
BRDA:1270,147,0,12
BRDA:1271,148,0,0
BRDA:1276,149,0,0
BRDA:1276,150,0,0
BRDA:1284,151,0,0
BRDA:1290,152,0,24
BRDA:1291,153,0,12
BRDA:1299,154,0,0
BRDA:1304,155,0,0
BRDA:1308,156,0,0
BRDA:1310,157,0,6
BRDA:1311,158,0,0
BRDA:1320,159,0,6
BRDA:1320,160,0,0
BRDA:1324,161,0,2
BRDA:1324,162,0,2
BRDA:1326,163,0,0
BRDA:1327,164,0,4
BRDA:1327,165,0,2
BRDA:1328,166,0,0
BRDA:1330,167,0,0
BRDA:1332,168,0,2
BRDA:1333,169,0,0
BRDA:1338,170,0,0
BRDA:1339,171,0,0
BRDA:1344,172,0,0
BRF:173
BRH:89
DA:1,3
DA:2,3
DA:3,3
DA:4,3
DA:5,3
DA:6,3
DA:7,3
DA:8,3
DA:9,3
DA:10,3
DA:11,3
DA:12,3
DA:13,3
DA:14,3
DA:15,3
DA:16,3
DA:17,3
DA:18,3
DA:19,3
DA:20,3
DA:21,3
DA:22,3
DA:23,3
DA:24,3
DA:25,3
DA:26,3
DA:27,3
DA:28,3
DA:29,3
DA:30,3
DA:31,3
DA:32,3
DA:33,3
DA:34,3
DA:35,3
DA:36,3
DA:37,3
DA:38,3
DA:39,3
DA:40,3
DA:41,0
DA:42,0
DA:43,0
DA:44,0
DA:45,0
DA:46,0
DA:47,0
DA:48,0
DA:49,3
DA:50,0
DA:51,0
DA:52,0
DA:53,0
DA:54,0
DA:55,0
DA:56,0
DA:57,0
DA:58,0
DA:59,0
DA:60,0
DA:61,3
DA:62,3
DA:63,3
DA:64,3
DA:65,3
DA:66,0
DA:67,0
DA:68,0
DA:69,0
DA:70,0
DA:71,3
DA:72,3
DA:73,3
DA:74,3
DA:75,3
DA:76,3
DA:77,0
DA:78,0
DA:79,0
DA:80,0
DA:81,0
DA:82,0
DA:83,0
DA:84,0
DA:85,0
DA:86,0
DA:87,0
DA:88,0
DA:89,0
DA:90,0
DA:91,0
DA:92,0
DA:93,0
DA:94,0
DA:95,0
DA:96,0
DA:97,0
DA:98,0
DA:99,0
DA:100,0
DA:101,0
DA:102,0
DA:103,0
DA:104,0
DA:105,0
DA:106,0
DA:107,0
DA:108,0
DA:109,0
DA:110,0
DA:111,0
DA:112,0
DA:113,0
DA:114,0
DA:115,0
DA:116,0
DA:117,0
DA:118,0
DA:119,0
DA:120,0
DA:121,0
DA:122,0
DA:123,0
DA:124,0
DA:125,0
DA:126,0
DA:127,0
DA:128,0
DA:129,0
DA:130,0
DA:131,0
DA:132,0
DA:133,0
DA:134,0
DA:135,0
DA:136,0
DA:137,0
DA:138,0
DA:139,0
DA:140,0
DA:141,0
DA:142,0
DA:143,0
DA:144,0
DA:145,0
DA:146,0
DA:147,0
DA:148,0
DA:149,0
DA:150,0
DA:151,0
DA:152,0
DA:153,0
DA:154,0
DA:155,0
DA:156,0
DA:157,0
DA:158,0
DA:159,0
DA:160,0
DA:161,0
DA:162,0
DA:163,0
DA:164,0
DA:165,0
DA:166,0
DA:167,0
DA:168,0
DA:169,0
DA:170,0
DA:171,0
DA:172,0
DA:173,0
DA:174,0
DA:175,0
DA:176,0
DA:177,0
DA:178,0
DA:179,0
DA:180,0
DA:181,0
DA:182,0
DA:183,0
DA:184,0
DA:185,0
DA:186,0
DA:187,0
DA:188,0
DA:189,0
DA:190,0
DA:191,0
DA:192,0
DA:193,0
DA:194,0
DA:195,0
DA:196,0
DA:197,0
DA:198,0
DA:199,0
DA:200,0
DA:201,0
DA:202,0
DA:203,0
DA:204,0
DA:205,0
DA:206,0
DA:207,0
DA:208,0
DA:209,0
DA:210,0
DA:211,0
DA:212,0
DA:213,0
DA:214,0
DA:215,0
DA:216,0
DA:217,0
DA:218,0
DA:219,0
DA:220,0
DA:221,0
DA:222,0
DA:223,0
DA:224,0
DA:225,0
DA:226,0
DA:227,0
DA:228,0
DA:229,0
DA:230,0
DA:231,0
DA:232,0
DA:233,0
DA:234,0
DA:235,0
DA:236,0
DA:237,0
DA:238,0
DA:239,0
DA:240,0
DA:241,0
DA:242,0
DA:243,0
DA:244,0
DA:245,0
DA:246,0
DA:247,0
DA:248,0
DA:249,0
DA:250,0
DA:251,0
DA:252,0
DA:253,0
DA:254,0
DA:255,0
DA:256,0
DA:257,0
DA:258,0
DA:259,0
DA:260,0
DA:261,0
DA:262,0
DA:263,0
DA:264,0
DA:265,0
DA:266,0
DA:267,0
DA:268,0
DA:269,0
DA:270,0
DA:271,0
DA:272,0
DA:273,0
DA:274,0
DA:275,0
DA:276,0
DA:277,0
DA:278,0
DA:279,0
DA:280,0
DA:281,0
DA:282,0
DA:283,0
DA:284,0
DA:285,0
DA:286,0
DA:287,0
DA:288,0
DA:289,0
DA:290,0
DA:291,0
DA:292,0
DA:293,0
DA:294,0
DA:295,0
DA:296,0
DA:297,0
DA:298,0
DA:299,0
DA:300,0
DA:301,0
DA:302,0
DA:303,0
DA:304,0
DA:305,0
DA:306,0
DA:307,0
DA:308,0
DA:309,0
DA:310,0
DA:311,0
DA:312,0
DA:313,0
DA:314,0
DA:315,0
DA:316,0
DA:317,0
DA:318,0
DA:319,0
DA:320,0
DA:321,0
DA:322,0
DA:323,0
DA:324,0
DA:325,0
DA:326,0
DA:327,0
DA:328,0
DA:329,0
DA:330,0
DA:331,0
DA:332,0
DA:333,0
DA:334,0
DA:335,0
DA:336,0
DA:337,0
DA:338,0
DA:339,0
DA:340,0
DA:341,0
DA:342,0
DA:343,0
DA:344,0
DA:345,0
DA:346,0
DA:347,0
DA:348,0
DA:349,0
DA:350,0
DA:351,0
DA:352,0
DA:353,0
DA:354,0
DA:355,0
DA:356,0
DA:357,0
DA:358,0
DA:359,0
DA:360,0
DA:361,0
DA:362,0
DA:363,0
DA:364,0
DA:365,0
DA:366,0
DA:367,0
DA:368,0
DA:369,0
DA:370,0
DA:371,0
DA:372,0
DA:373,0
DA:374,0
DA:375,0
DA:376,0
DA:377,0
DA:378,0
DA:379,0
DA:380,0
DA:381,0
DA:382,0
DA:383,0
DA:384,0
DA:385,0
DA:386,0
DA:387,0
DA:388,0
DA:389,0
DA:390,0
DA:391,0
DA:392,0
DA:393,0
DA:394,0
DA:395,0
DA:396,0
DA:397,0
DA:398,0
DA:399,0
DA:400,0
DA:401,0
DA:402,0
DA:403,0
DA:404,0
DA:405,0
DA:406,0
DA:407,0
DA:408,0
DA:409,0
DA:410,0
DA:411,0
DA:412,0
DA:413,0
DA:414,0
DA:415,0
DA:416,0
DA:417,0
DA:418,0
DA:419,0
DA:420,0
DA:421,0
DA:422,0
DA:423,0
DA:424,0
DA:425,0
DA:426,0
DA:427,0
DA:428,0
DA:429,0
DA:430,0
DA:431,0
DA:432,0
DA:433,0
DA:434,0
DA:435,0
DA:436,0
DA:437,0
DA:438,0
DA:439,0
DA:440,0
DA:441,0
DA:442,0
DA:443,0
DA:444,0
DA:445,0
DA:446,0
DA:447,0
DA:448,0
DA:449,0
DA:450,0
DA:451,0
DA:452,0
DA:453,0
DA:454,0
DA:455,0
DA:456,0
DA:457,0
DA:458,0
DA:459,0
DA:460,0
DA:461,0
DA:462,0
DA:463,0
DA:464,0
DA:465,0
DA:466,0
DA:467,0
DA:468,0
DA:469,0
DA:470,0
DA:471,0
DA:472,0
DA:473,0
DA:474,0
DA:475,0
DA:476,0
DA:477,0
DA:478,0
DA:479,0
DA:480,0
DA:481,0
DA:482,0
DA:483,0
DA:484,0
DA:485,0
DA:486,0
DA:487,0
DA:488,0
DA:489,0
DA:490,0
DA:491,0
DA:492,0
DA:493,0
DA:494,0
DA:495,0
DA:496,0
DA:497,0
DA:498,0
DA:499,0
DA:500,0
DA:501,0
DA:502,0
DA:503,0
DA:504,0
DA:505,0
DA:506,0
DA:507,0
DA:508,0
DA:509,0
DA:510,0
DA:511,0
DA:512,0
DA:513,0
DA:514,0
DA:515,0
DA:516,0
DA:517,0
DA:518,0
DA:519,0
DA:520,0
DA:521,0
DA:522,0
DA:523,0
DA:524,0
DA:525,0
DA:526,0
DA:527,0
DA:528,0
DA:529,0
DA:530,0
DA:531,0
DA:532,0
DA:533,0
DA:534,0
DA:535,0
DA:536,0
DA:537,0
DA:538,0
DA:539,0
DA:540,0
DA:541,0
DA:542,0
DA:543,0
DA:544,0
DA:545,0
DA:546,0
DA:547,0
DA:548,0
DA:549,0
DA:550,0
DA:551,0
DA:552,0
DA:553,0
DA:554,0
DA:555,0
DA:556,0
DA:557,0
DA:558,0
DA:559,0
DA:560,0
DA:561,0
DA:562,0
DA:563,0
DA:564,0
DA:565,0
DA:566,0
DA:567,0
DA:568,0
DA:569,0
DA:570,0
DA:571,0
DA:572,0
DA:573,0
DA:574,0
DA:575,0
DA:576,0
DA:577,0
DA:578,0
DA:579,0
DA:580,0
DA:581,0
DA:582,0
DA:583,0
DA:584,0
DA:585,0
DA:586,0
DA:587,0
DA:588,0
DA:589,0
DA:590,0
DA:591,0
DA:592,0
DA:593,0
DA:594,0
DA:595,0
DA:596,0
DA:597,0
DA:598,0
DA:599,0
DA:600,0
DA:601,0
DA:602,0
DA:603,0
DA:604,0
DA:605,0
DA:606,0
DA:607,0
DA:608,0
DA:609,0
DA:610,0
DA:611,0
DA:612,0
DA:613,0
DA:614,0
DA:615,0
DA:616,0
DA:617,0
DA:618,0
DA:619,0
DA:620,0
DA:621,0
DA:622,0
DA:623,0
DA:624,0
DA:625,0
DA:626,0
DA:627,0
DA:628,0
DA:629,0
DA:630,0
DA:631,0
DA:632,0
DA:633,0
DA:634,0
DA:635,0
DA:636,0
DA:637,0
DA:638,0
DA:639,0
DA:640,0
DA:641,0
DA:642,0
DA:643,0
DA:644,0
DA:645,0
DA:646,0
DA:647,0
DA:648,0
DA:649,0
DA:650,0
DA:651,0
DA:652,0
DA:653,0
DA:654,0
DA:655,0
DA:656,0
DA:657,0
DA:658,0
DA:659,0
DA:660,0
DA:661,0
DA:662,0
DA:663,0
DA:664,0
DA:665,0
DA:666,0
DA:667,0
DA:668,0
DA:669,0
DA:670,0
DA:671,0
DA:672,0
DA:673,0
DA:674,0
DA:675,0
DA:676,0
DA:677,0
DA:678,0
DA:679,0
DA:680,0
DA:681,0
DA:682,0
DA:683,0
DA:684,0
DA:685,0
DA:686,0
DA:687,0
DA:688,0
DA:689,0
DA:690,0
DA:691,0
DA:692,0
DA:693,0
DA:694,0
DA:695,0
DA:696,0
DA:697,0
DA:698,0
DA:699,0
DA:700,0
DA:701,0
DA:702,0
DA:703,0
DA:704,0
DA:705,0
DA:706,0
DA:707,0
DA:708,0
DA:709,0
DA:710,0
DA:711,0
DA:712,0
DA:713,0
DA:714,0
DA:715,0
DA:716,0
DA:717,0
DA:718,0
DA:719,0
DA:720,0
DA:721,0
DA:722,0
DA:723,0
DA:724,0
DA:725,0
DA:726,0
DA:727,0
DA:728,0
DA:729,0
DA:730,0
DA:731,0
DA:732,0
DA:733,0
DA:734,0
DA:735,0
DA:736,0
DA:737,0
DA:738,0
DA:739,0
DA:740,0
DA:741,0
DA:742,0
DA:743,0
DA:744,0
DA:745,0
DA:746,0
DA:747,0
DA:748,0
DA:749,0
DA:750,0
DA:751,0
DA:752,0
DA:753,0
DA:754,0
DA:755,0
DA:756,0
DA:757,0
DA:758,0
DA:759,0
DA:760,0
DA:761,0
DA:762,0
DA:763,3
DA:764,3
DA:765,3
DA:766,3
DA:767,3
DA:768,3
DA:769,3
DA:770,3
DA:771,3
DA:772,3
DA:773,2
DA:774,2
DA:775,2
DA:776,2
DA:777,2
DA:778,2
DA:779,2
DA:780,2
DA:781,2
DA:782,2
DA:783,2
DA:784,2
DA:785,2
DA:786,2
DA:787,2
DA:788,2
DA:789,2
DA:790,2
DA:791,2
DA:792,2
DA:793,0
DA:794,0
DA:795,0
DA:796,2
DA:797,3
DA:798,3
DA:799,3
DA:800,3
DA:801,1
DA:802,1
DA:803,1
DA:804,1
DA:805,1
DA:806,1
DA:807,1
DA:808,1
DA:809,1
DA:810,1
DA:811,1
DA:812,1
DA:813,1
DA:814,1
DA:815,1
DA:816,1
DA:817,1
DA:818,1
DA:819,1
DA:820,0
DA:821,0
DA:822,0
DA:823,1
DA:824,3
DA:825,3
DA:826,3
DA:827,3
DA:828,2
DA:829,2
DA:830,2
DA:831,2
DA:832,2
DA:833,2
DA:834,2
DA:835,2
DA:836,2
DA:837,2
DA:838,0
DA:839,0
DA:840,2
DA:841,2
DA:842,2
DA:843,2
DA:844,2
DA:845,2
DA:846,2
DA:847,2
DA:848,2
DA:849,2
DA:850,2
DA:851,2
DA:852,2
DA:853,2
DA:854,2
DA:855,2
DA:856,2
DA:857,2
DA:858,2
DA:859,2
DA:860,2
DA:861,2
DA:862,2
DA:863,2
DA:864,2
DA:865,2
DA:866,2
DA:867,2
DA:868,2
DA:869,2
DA:870,2
DA:871,2
DA:872,2
DA:873,2
DA:874,2
DA:875,2
DA:876,2
DA:877,2
DA:878,2
DA:879,2
DA:880,2
DA:881,2
DA:882,2
DA:883,2
DA:884,2
DA:885,2
DA:886,2
DA:887,2
DA:888,2
DA:889,2
DA:890,2
DA:891,2
DA:892,2
DA:893,2
DA:894,2
DA:895,2
DA:896,2
DA:897,2
DA:898,2
DA:899,2
DA:900,2
DA:901,2
DA:902,0
DA:903,0
DA:904,2
DA:905,2
DA:906,2
DA:907,2
DA:908,2
DA:909,2
DA:910,2
DA:911,2
DA:912,2
DA:913,2
DA:914,2
DA:915,0
DA:916,0
DA:917,0
DA:918,2
DA:919,3
DA:920,3
DA:921,3
DA:922,3
DA:923,1
DA:924,1
DA:925,1
DA:926,1
DA:927,1
DA:928,1
DA:929,1
DA:930,1
DA:931,1
DA:932,1
DA:933,1
DA:934,1
DA:935,1
DA:936,1
DA:937,1
DA:938,1
DA:939,1
DA:940,1
DA:941,1
DA:942,1
DA:943,1
DA:944,1
DA:945,1
DA:946,1
DA:947,1
DA:948,1
DA:949,1
DA:950,1
DA:951,1
DA:952,1
DA:953,1
DA:954,0
DA:955,0
DA:956,0
DA:957,1
DA:958,3
DA:959,3
DA:960,3
DA:961,3
DA:962,1
DA:963,1
DA:964,1
DA:965,1
DA:966,1
DA:967,1
DA:968,1
DA:969,1
DA:970,1
DA:971,1
DA:972,1
DA:973,1
DA:974,1
DA:975,1
DA:976,1
DA:977,1
DA:978,0
DA:979,0
DA:980,0
DA:981,1
DA:982,3
DA:983,0
DA:984,0
DA:985,0
DA:986,0
DA:987,0
DA:988,0
DA:989,0
DA:990,0
DA:991,0
DA:992,0
DA:993,0
DA:994,0
DA:995,0
DA:996,0
DA:997,0
DA:998,0
DA:999,0
DA:1000,0
DA:1001,0
DA:1002,0
DA:1003,0
DA:1004,0
DA:1005,0
DA:1006,0
DA:1007,3
DA:1008,0
DA:1009,0
DA:1010,0
DA:1011,0
DA:1012,0
DA:1013,0
DA:1014,0
DA:1015,0
DA:1016,0
DA:1017,0
DA:1018,0
DA:1019,0
DA:1020,0
DA:1021,0
DA:1022,0
DA:1023,0
DA:1024,0
DA:1025,0
DA:1026,0
DA:1027,0
DA:1028,3
DA:1029,3
DA:1030,3
DA:1031,3
DA:1032,2
DA:1033,2
DA:1034,2
DA:1035,2
DA:1036,2
DA:1037,2
DA:1038,2
DA:1039,2
DA:1040,2
DA:1041,2
DA:1042,0
DA:1043,0
DA:1044,0
DA:1045,2
DA:1046,3
DA:1047,3
DA:1048,3
DA:1049,3
DA:1050,3
DA:1051,3
DA:1052,3
DA:1053,3
DA:1054,3
DA:1055,3
DA:1056,0
DA:1057,0
DA:1058,0
DA:1059,0
DA:1060,0
DA:1061,0
DA:1062,0
DA:1063,0
DA:1064,0
DA:1065,0
DA:1066,0
DA:1067,0
DA:1068,0
DA:1069,0
DA:1070,0
DA:1071,0
DA:1072,0
DA:1073,0
DA:1074,0
DA:1075,0
DA:1076,0
DA:1077,0
DA:1078,0
DA:1079,0
DA:1080,0
DA:1081,0
DA:1082,0
DA:1083,0
DA:1084,0
DA:1085,0
DA:1086,0
DA:1087,0
DA:1088,0
DA:1089,0
DA:1090,0
DA:1091,0
DA:1092,0
DA:1093,0
DA:1094,0
DA:1095,0
DA:1096,0
DA:1097,0
DA:1098,0
DA:1099,0
DA:1100,0
DA:1101,0
DA:1102,3
DA:1103,3
DA:1104,3
DA:1105,3
DA:1106,0
DA:1107,0
DA:1108,0
DA:1109,0
DA:1110,0
DA:1111,0
DA:1112,0
DA:1113,0
DA:1114,0
DA:1115,0
DA:1116,0
DA:1117,0
DA:1118,0
DA:1119,0
DA:1120,0
DA:1121,0
DA:1122,0
DA:1123,0
DA:1124,0
DA:1125,0
DA:1126,0
DA:1127,0
DA:1128,0
DA:1129,0
DA:1130,0
DA:1131,0
DA:1132,0
DA:1133,0
DA:1134,0
DA:1135,0
DA:1136,0
DA:1137,0
DA:1138,0
DA:1139,0
DA:1140,0
DA:1141,0
DA:1142,0
DA:1143,0
DA:1144,0
DA:1145,0
DA:1146,0
DA:1147,0
DA:1148,0
DA:1149,0
DA:1150,0
DA:1151,0
DA:1152,0
DA:1153,0
DA:1154,0
DA:1155,0
DA:1156,3
DA:1157,3
DA:1158,3
DA:1159,3
DA:1160,0
DA:1161,0
DA:1162,0
DA:1163,0
DA:1164,0
DA:1165,0
DA:1166,0
DA:1167,0
DA:1168,0
DA:1169,0
DA:1170,0
DA:1171,0
DA:1172,0
DA:1173,0
DA:1174,0
DA:1175,0
DA:1176,0
DA:1177,0
DA:1178,0
DA:1179,0
DA:1180,0
DA:1181,0
DA:1182,3
DA:1183,3
DA:1184,3
DA:1185,3
DA:1186,3
DA:1187,3
DA:1188,3
DA:1189,3
DA:1190,3
DA:1191,3
DA:1192,3
DA:1193,0
DA:1194,0
DA:1195,0
DA:1196,0
DA:1197,0
DA:1198,0
DA:1199,0
DA:1200,0
DA:1201,0
DA:1202,0
DA:1203,0
DA:1204,0
DA:1205,0
DA:1206,0
DA:1207,0
DA:1208,0
DA:1209,0
DA:1210,0
DA:1211,0
DA:1212,0
DA:1213,0
DA:1214,0
DA:1215,0
DA:1216,0
DA:1217,0
DA:1218,0
DA:1219,0
DA:1220,0
DA:1221,0
DA:1222,0
DA:1223,0
DA:1224,3
DA:1225,3
DA:1226,3
DA:1227,3
DA:1228,3
DA:1229,3
DA:1230,3
DA:1231,3
DA:1232,3
DA:1233,3
DA:1234,3
DA:1235,3
DA:1236,3
DA:1237,3
DA:1238,3
DA:1239,3
DA:1240,3
DA:1241,3
DA:1242,3
DA:1243,3
DA:1244,3
DA:1245,3
DA:1246,3
DA:1247,3
DA:1248,3
DA:1249,3
DA:1250,3
DA:1251,3
DA:1252,3
DA:1253,3
DA:1254,3
DA:1255,3
DA:1256,3
DA:1257,3
DA:1258,3
DA:1259,3
DA:1260,3
DA:1261,3
DA:1262,3
DA:1263,3
DA:1264,3
DA:1265,3
DA:1266,3
DA:1267,3
DA:1268,3
DA:1269,3
DA:1270,3
DA:1271,12
DA:1272,0
DA:1273,0
DA:1274,12
DA:1275,12
DA:1276,12
DA:1277,0
DA:1278,0
DA:1279,0
DA:1280,12
DA:1281,12
DA:1282,12
DA:1283,12
DA:1284,12
DA:1285,12
DA:1286,12
DA:1287,12
DA:1288,12
DA:1289,12
DA:1290,12
DA:1291,24
DA:1292,12
DA:1293,12
DA:1294,12
DA:1295,12
DA:1296,24
DA:1297,12
DA:1298,12
DA:1299,12
DA:1300,12
DA:1301,12
DA:1302,12
DA:1303,12
DA:1304,12
DA:1305,0
DA:1306,0
DA:1307,12
DA:1308,12
DA:1309,12
DA:1310,12
DA:1311,6
DA:1312,6
DA:1313,6
DA:1314,6
DA:1315,6
DA:1316,6
DA:1317,6
DA:1318,6
DA:1319,6
DA:1320,12
DA:1321,0
DA:1322,0
DA:1323,0
DA:1324,6
DA:1325,2
DA:1326,2
DA:1327,6
DA:1328,2
DA:1329,2
DA:1330,2
DA:1331,2
DA:1332,4
DA:1333,2
DA:1334,2
DA:1335,2
DA:1336,2
DA:1337,2
DA:1338,2
DA:1339,2
DA:1340,0
DA:1341,0
DA:1342,2
DA:1343,2
DA:1344,2
DA:1345,0
DA:1346,0
DA:1347,0
DA:1348,0
DA:1349,0
DA:1350,0
DA:1351,0
DA:1352,12
DA:1353,12
DA:1354,12
DA:1355,3
DA:1356,3
DA:1357,3
DA:1358,3
DA:1359,3
DA:1360,3
DA:1361,3
DA:1362,3
DA:1363,3
DA:1364,3
DA:1365,3
DA:1366,3
DA:1367,0
DA:1368,0
DA:1369,0
DA:1370,0
DA:1371,0
DA:1372,0
DA:1373,3
DA:1374,3
DA:1375,3
DA:1376,3
DA:1377,3
DA:1378,3
DA:1379,12
DA:1380,12
DA:1381,12
DA:1382,9
DA:1383,9
DA:1384,9
DA:1385,12
DA:1386,0
DA:1387,0
DA:1388,9
DA:1389,12
DA:1390,12
DA:1391,0
DA:1392,0
DA:1393,12
DA:1394,12
DA:1395,3
DA:1396,3
DA:1397,0
DA:1398,0
DA:1399,3
DA:1400,0
DA:1401,0
DA:1402,0
DA:1403,0
DA:1404,0
DA:1405,0
DA:1406,0
DA:1407,0
DA:1408,0
DA:1409,3
DA:1410,3
DA:1411,3
DA:1412,3
DA:1413,3
DA:1414,3
DA:1415,3
DA:1416,0
DA:1417,0
DA:1418,3
DA:1419,3
DA:1420,1
DA:1421,1
DA:1422,1
DA:1423,1
DA:1424,1
DA:1425,1
DA:1426,1
DA:1427,2
DA:1428,2
DA:1429,3
DA:1430,2
DA:1431,2
DA:1432,2
DA:1433,2
DA:1434,2
DA:1435,2
DA:1436,0
DA:1437,0
DA:1438,0
DA:1439,2
DA:1440,2
DA:1441,2
DA:1442,2
DA:1443,2
DA:1444,2
DA:1445,2
DA:1446,2
DA:1447,2
DA:1448,2
DA:1449,2
DA:1450,2
DA:1451,2
DA:1452,3
DA:1453,0
DA:1454,0
DA:1455,0
DA:1456,0
DA:1457,0
DA:1458,0
DA:1459,2
DA:1460,2
DA:1461,2
DA:1462,2
DA:1463,2
DA:1464,3
DA:1465,5
DA:1466,5
DA:1467,5
DA:1468,3
DA:1469,3
DA:1470,3
DA:1471,5
DA:1472,0
DA:1473,0
DA:1474,3
DA:1475,5
DA:1476,5
DA:1477,0
DA:1478,0
DA:1479,5
DA:1480,5
DA:1481,2
DA:1482,3
DA:1483,0
DA:1484,0
DA:1485,3
DA:1486,0
DA:1487,0
DA:1488,0
DA:1489,0
DA:1490,0
DA:1491,0
DA:1492,0
DA:1493,0
DA:1494,0
DA:1495,3
DA:1496,2
DA:1497,2
DA:1498,2
DA:1499,3
DA:1500,0
DA:1501,0
DA:1502,2
DA:1503,2
DA:1504,3
DA:1505,3
DA:1506,2
DA:1507,2
DA:1508,2
DA:1509,3
DA:1510,3
DA:1511,0
DA:1512,0
DA:1513,0
DA:1514,0
DA:1515,0
DA:1516,0
DA:1517,0
DA:1518,0
DA:1519,0
DA:1520,0
DA:1521,3
DA:1522,3
DA:1523,3
DA:1524,3
DA:1525,3
DA:1526,3
DA:1527,3
DA:1528,3
DA:1529,3
DA:1530,3
DA:1531,3
DA:1532,0
DA:1533,0
DA:1534,0
DA:1535,0
DA:1536,0
DA:1537,0
DA:1538,0
DA:1539,0
DA:1540,0
DA:1541,0
DA:1542,0
DA:1543,0
DA:1544,0
DA:1545,0
DA:1546,0
DA:1547,0
DA:1548,0
DA:1549,0
DA:1550,0
DA:1551,0
DA:1552,0
DA:1553,0
DA:1554,0
DA:1555,0
DA:1556,0
DA:1557,0
DA:1558,0
DA:1559,0
DA:1560,0
DA:1561,0
DA:1562,0
DA:1563,0
DA:1564,0
DA:1565,0
DA:1566,0
DA:1567,0
DA:1568,0
DA:1569,0
DA:1570,0
DA:1571,0
DA:1572,0
DA:1573,0
DA:1574,0
DA:1575,0
DA:1576,0
DA:1577,0
DA:1578,0
DA:1579,0
DA:1580,0
DA:1581,0
DA:1582,0
DA:1583,0
DA:1584,0
DA:1585,0
DA:1586,0
DA:1587,0
DA:1588,0
DA:1589,0
DA:1590,0
DA:1591,0
DA:1592,0
DA:1593,0
DA:1594,0
DA:1595,0
DA:1596,0
DA:1597,0
DA:1598,3
DA:1599,3
DA:1600,3
DA:1601,3
DA:1602,3
DA:1603,3
DA:1604,3
DA:1605,3
DA:1606,3
DA:1607,3
DA:1608,3
DA:1609,3
DA:1610,3
DA:1611,3
DA:1612,3
DA:1613,3
DA:1614,3
DA:1615,3
DA:1616,3
DA:1617,3
DA:1618,3
DA:1619,3
DA:1620,3
DA:1621,13
DA:1622,13
DA:1623,13
DA:1624,13
DA:1625,13
DA:1626,13
DA:1627,13
DA:1628,13
DA:1629,13
DA:1630,13
DA:1631,13
DA:1632,13
DA:1633,13
DA:1634,13
DA:1635,13
DA:1636,13
DA:1637,13
DA:1638,13
DA:1639,13
DA:1640,13
DA:1641,13
DA:1642,13
DA:1643,13
DA:1644,13
DA:1645,13
DA:1646,7
DA:1647,6
DA:1648,6
DA:1649,6
DA:1650,7
DA:1651,0
DA:1652,0
DA:1653,0
DA:1654,0
DA:1655,7
DA:1656,0
DA:1657,0
DA:1658,13
DA:1659,13
DA:1660,13
DA:1661,11
DA:1662,2
DA:1663,2
DA:1664,11
DA:1665,0
DA:1666,0
DA:1667,0
DA:1668,0
DA:1669,11
DA:1670,0
DA:1671,0
DA:1672,13
DA:1673,13
DA:1674,13
DA:1675,13
DA:1676,19
DA:1677,19
DA:1678,19
DA:1679,19
DA:1680,19
DA:1681,19
DA:1682,18
DA:1683,18
DA:1684,18
DA:1685,18
DA:1686,18
DA:1687,18
DA:1688,18
DA:1689,36
DA:1690,18
DA:1691,18
DA:1692,18
DA:1693,18
DA:1694,36
DA:1695,18
DA:1696,18
DA:1697,18
DA:1698,3
DA:1699,3
DA:1700,3
DA:1701,3
DA:1702,3
DA:1703,3
DA:1704,3
DA:1705,3
DA:1706,0
DA:1707,0
DA:1708,3
DA:1709,3
DA:1710,3
DA:1711,18
DA:1712,18
DA:1713,18
DA:1714,9
DA:1715,9
DA:1716,9
DA:1717,9
DA:1718,9
DA:1719,9
DA:1720,9
DA:1721,0
DA:1722,0
DA:1723,9
DA:1724,18
DA:1725,18
DA:1726,6
DA:1727,6
DA:1728,6
DA:1729,4
DA:1730,4
DA:1731,4
DA:1732,6
DA:1733,0
DA:1734,0
DA:1735,6
DA:1736,18
DA:1737,19
DA:1738,19
DA:1739,4
DA:1740,4
DA:1741,4
DA:1742,4
DA:1743,4
DA:1744,4
DA:1745,19
DA:1746,19
DA:1747,11
DA:1748,11
DA:1749,19
DA:1750,19
DA:1751,19
DA:1752,13
DA:1753,13
DA:1754,13
DA:1755,13
DA:1756,13
DA:1757,13
DA:1758,13
DA:1759,13
DA:1760,13
DA:1761,13
DA:1762,13
DA:1763,13
DA:1764,13
DA:1765,13
DA:1766,13
DA:1767,31
DA:1768,30
DA:1769,31
DA:1770,11
DA:1771,11
DA:1772,0
DA:1773,0
DA:1774,11
DA:1775,11
DA:1776,11
DA:1777,11
DA:1778,11
DA:1779,11
DA:1780,11
DA:1781,6
DA:1782,6
DA:1783,6
DA:1784,6
DA:1785,0
DA:1786,0
DA:1787,0
DA:1788,0
DA:1789,0
DA:1790,6
DA:1791,6
DA:1792,1
DA:1793,1
DA:1794,1
DA:1795,0
DA:1796,0
DA:1797,1
DA:1798,1
DA:1799,11
DA:1800,3
DA:1801,0
DA:1802,0
DA:1803,3
DA:1804,5
DA:1805,2
DA:1806,2
DA:1807,2
DA:1808,2
DA:1809,2
DA:1810,11
DA:1811,11
DA:1812,11
DA:1813,19
DA:1814,19
DA:1815,19
DA:1816,19
DA:1817,19
DA:1818,19
DA:1819,19
DA:1820,19
DA:1821,19
DA:1822,19
DA:1823,19
DA:1824,19
DA:1825,13
DA:1826,2
DA:1827,1
DA:1828,1
DA:1829,1
DA:1830,1
DA:1831,1
DA:1832,1
DA:1833,1
DA:1834,1
DA:1835,1
DA:1836,1
DA:1837,1
DA:1838,1
DA:1839,1
DA:1840,13
DA:1841,13
DA:1842,13
DA:1843,13
DA:1844,13
DA:1845,1
DA:1846,1
DA:1847,1
DA:1848,1
DA:1849,1
DA:1850,1
DA:1851,1
DA:1852,13
DA:1853,13
DA:1854,3
DA:1855,3
DA:1856,3
DA:1857,3
DA:1858,23
DA:1859,23
DA:1860,23
DA:1861,3
DA:1862,3
DA:1863,3
DA:1864,3
DA:1865,3
DA:1866,3
DA:1867,3
DA:1868,3
DA:1869,3
DA:1870,3
LH:772
LF:1870
end_of_record
SF:functions/api/tarot-reading.js
FN:92,evaluateQualityGate
FN:122,anonymous_1
FN:128,anonymous_2
FN:171,finalizeReading
FN:210,anonymous_4
FN:436,onRequestGet
FN:445,onRequestPost
FN:484,anonymous_7
FN:678,anonymous_8
FN:679,anonymous_9
FN:684,anonymous_10
FN:729,onUnknown
FN:994,onComplete
FN:1029,onError
FN:1242,validatePayload
FN:1251,anonymous_15
FN:1254,anonymous_16
FN:1274,anonymous_17
FNDA:5,evaluateQualityGate
FNDA:0,anonymous_1
FNDA:5,anonymous_2
FNDA:5,finalizeReading
FNDA:2,anonymous_4
FNDA:0,onRequestGet
FNDA:6,onRequestPost
FNDA:6,anonymous_7
FNDA:1,anonymous_8
FNDA:1,anonymous_9
FNDA:1,anonymous_10
FNDA:0,onUnknown
FNDA:0,onComplete
FNDA:0,onError
FNDA:9,validatePayload
FNDA:14,anonymous_15
FNDA:56,anonymous_16
FNDA:9,anonymous_17
FNF:18
FNH:13
BRDA:1,0,0,3
BRDA:92,1,0,5
BRDA:93,2,0,0
BRDA:94,3,0,0
BRDA:95,4,0,0
BRDA:104,5,0,0
BRDA:108,6,0,0
BRDA:108,7,0,0
BRDA:114,8,0,0
BRDA:122,9,0,0
BRDA:141,10,0,0
BRDA:145,11,0,0
BRDA:150,12,0,0
BRDA:153,13,0,0
BRDA:155,14,0,0
BRDA:156,15,0,0
BRDA:164,16,0,0
BRDA:128,17,0,5
BRDA:129,18,0,0
BRDA:130,19,0,0
BRDA:131,20,0,0
BRDA:133,21,0,0
BRDA:133,22,0,0
BRDA:134,23,0,0
BRDA:134,24,0,0
BRDA:136,25,0,0
BRDA:171,26,0,5
BRDA:207,27,0,0
BRDA:210,28,0,0
BRDA:221,29,0,0
BRDA:225,30,0,0
BRDA:236,31,0,0
BRDA:245,32,0,0
BRDA:249,33,0,2
BRDA:250,34,0,2
BRDA:256,35,0,1
BRDA:260,36,0,1
BRDA:267,37,0,2
BRDA:267,38,0,2
BRDA:267,39,0,1
BRDA:278,40,0,0
BRDA:278,41,0,0
BRDA:316,42,0,0
BRDA:327,43,0,0
BRDA:370,44,0,0
BRDA:384,45,0,1
BRDA:407,46,0,0
BRDA:407,47,0,0
BRDA:417,48,0,0
BRDA:210,49,0,2
BRDA:211,50,0,0
BRDA:212,51,0,0
BRDA:214,52,0,0
BRDA:445,53,0,6
BRDA:651,54,0,1
BRDA:653,55,0,2
BRDA:659,56,0,1
BRDA:667,57,0,1
BRDA:671,58,0,1
BRDA:677,59,0,1
BRDA:689,60,0,2
BRDA:707,61,0,2
BRDA:719,62,0,2
BRDA:725,63,0,2
BRDA:742,64,0,2
BRDA:756,65,0,2
BRDA:769,66,0,2
BRDA:770,67,0,2
BRDA:772,68,0,2
BRDA:773,69,0,2
BRDA:775,70,0,2
BRDA:790,71,0,2
BRDA:798,72,0,2
BRDA:802,73,0,2
BRDA:1043,74,0,3
BRDA:1056,75,0,3
BRDA:1146,76,0,3
BRDA:1156,77,0,2
BRDA:1174,78,0,2
BRDA:1206,79,0,2
BRDA:447,80,0,0
BRDA:462,81,0,0
BRDA:501,82,0,0
BRDA:501,83,0,0
BRDA:501,84,0,0
BRDA:524,85,0,0
BRDA:528,86,0,0
BRDA:547,87,0,0
BRDA:551,88,0,0
BRDA:603,89,0,0
BRDA:607,90,0,0
BRDA:620,91,0,0
BRDA:620,92,0,0
BRDA:620,93,0,0
BRDA:621,94,0,0
BRDA:629,95,0,0
BRDA:630,96,0,0
BRDA:630,97,0,0
BRDA:640,98,0,0
BRDA:640,99,0,0
BRDA:694,100,0,0
BRDA:736,101,0,0
BRDA:736,102,0,0
BRDA:745,103,0,0
BRDA:759,104,0,0
BRDA:771,105,0,0
BRDA:774,106,0,0
BRDA:776,107,0,2
BRDA:777,108,0,2
BRDA:778,109,0,2
BRDA:779,110,0,2
BRDA:779,111,0,1
BRDA:780,112,0,2
BRDA:781,113,0,2
BRDA:782,114,0,1
BRDA:785,115,0,2
BRDA:785,116,0,0
BRDA:790,117,0,2
BRDA:790,118,0,1
BRDA:790,119,0,1
BRDA:792,120,0,2
BRDA:792,121,0,1
BRDA:792,122,0,1
BRDA:792,123,0,1
BRDA:792,124,0,1
BRDA:794,125,0,0
BRDA:794,126,0,0
BRDA:794,127,0,0
BRDA:794,128,0,0
BRDA:794,129,0,0
BRDA:796,130,0,0
BRDA:796,131,0,0
BRDA:796,132,0,0
BRDA:796,133,0,0
BRDA:796,134,0,0
BRDA:800,135,0,2
BRDA:800,136,0,0
BRDA:807,137,0,2
BRDA:919,138,0,1
BRDA:1049,139,0,0
BRDA:1065,140,0,0
BRDA:1072,141,0,0
BRDA:1080,142,0,0
BRDA:1082,143,0,0
BRDA:1092,144,0,0
BRDA:1095,145,0,0
BRDA:1113,146,0,0
BRDA:1128,147,0,0
BRDA:1138,148,0,0
BRDA:1148,149,0,0
BRDA:1156,150,0,1
BRDA:1159,151,0,1
BRDA:1159,152,0,1
BRDA:1174,153,0,1
BRDA:1209,154,0,0
BRDA:484,155,0,6
BRDA:486,156,0,0
BRDA:487,157,0,0
BRDA:490,158,0,0
BRDA:490,159,0,0
BRDA:678,160,0,1
BRDA:678,161,0,0
BRDA:679,162,0,1
BRDA:684,163,0,1
BRDA:1242,164,0,9
BRDA:1243,165,0,0
BRDA:1247,166,0,0
BRDA:1260,167,0,0
BRDA:1267,168,0,2
BRDA:1270,169,0,1
BRDA:1297,170,0,0
BRDA:1302,171,0,1
BRDA:1251,172,0,14
BRDA:1252,173,0,0
BRDA:1254,174,0,56
BRDA:1274,175,0,9
BRDA:1275,176,0,0
BRDA:1277,177,0,0
BRDA:1280,178,0,0
BRDA:1283,179,0,0
BRDA:1283,180,0,0
BRDA:1283,181,0,0
BRF:182
BRH:75
DA:1,3
DA:2,3
DA:3,3
DA:4,3
DA:5,3
DA:6,3
DA:7,3
DA:8,3
DA:9,3
DA:10,3
DA:11,3
DA:12,3
DA:13,3
DA:14,3
DA:15,3
DA:16,3
DA:17,3
DA:18,3
DA:19,3
DA:20,3
DA:21,3
DA:22,3
DA:23,3
DA:24,3
DA:25,3
DA:26,3
DA:27,3
DA:28,3
DA:29,3
DA:30,3
DA:31,3
DA:32,3
DA:33,3
DA:34,3
DA:35,3
DA:36,3
DA:37,3
DA:38,3
DA:39,3
DA:40,3
DA:41,3
DA:42,3
DA:43,3
DA:44,3
DA:45,3
DA:46,3
DA:47,3
DA:48,3
DA:49,3
DA:50,3
DA:51,3
DA:52,3
DA:53,3
DA:54,3
DA:55,3
DA:56,3
DA:57,3
DA:58,3
DA:59,3
DA:60,3
DA:61,3
DA:62,3
DA:63,3
DA:64,3
DA:65,3
DA:66,3
DA:67,3
DA:68,3
DA:69,3
DA:70,3
DA:71,3
DA:72,3
DA:73,3
DA:74,3
DA:75,3
DA:76,3
DA:77,3
DA:78,3
DA:79,3
DA:80,3
DA:81,3
DA:82,3
DA:83,3
DA:84,3
DA:85,3
DA:86,3
DA:87,3
DA:88,3
DA:89,3
DA:90,3
DA:91,3
DA:92,5
DA:93,5
DA:94,5
DA:95,5
DA:96,5
DA:97,5
DA:98,5
DA:99,5
DA:100,5
DA:101,5
DA:102,5
DA:103,5
DA:104,5
DA:105,0
DA:106,0
DA:107,0
DA:108,5
DA:109,0
DA:110,0
DA:111,0
DA:112,0
DA:113,5
DA:114,5
DA:115,0
DA:116,0
DA:117,0
DA:118,0
DA:119,5
DA:120,5
DA:121,5
DA:122,5
DA:123,0
DA:124,0
DA:125,0
DA:126,0
DA:127,5
DA:128,5
DA:129,5
DA:130,5
DA:131,5
DA:132,5
DA:133,5
DA:134,5
DA:135,5
DA:136,5
DA:137,0
DA:138,0
DA:139,0
DA:140,5
DA:141,5
DA:142,0
DA:143,0
DA:144,5
DA:145,5
DA:146,5
DA:147,5
DA:148,5
DA:149,5
DA:150,5
DA:151,5
DA:152,5
DA:153,5
DA:154,5
DA:155,5
DA:156,5
DA:157,0
DA:158,0
DA:159,0
DA:160,0
DA:161,5
DA:162,5
DA:163,5
DA:164,5
DA:165,0
DA:166,0
DA:167,5
DA:168,5
DA:169,5
DA:170,3
DA:171,5
DA:172,5
DA:173,5
DA:174,5
DA:175,5
DA:176,5
DA:177,5
DA:178,5
DA:179,5
DA:180,5
DA:181,5
DA:182,5
DA:183,5
DA:184,5
DA:185,5
DA:186,5
DA:187,5
DA:188,5
DA:189,5
DA:190,5
DA:191,5
DA:192,5
DA:193,5
DA:194,5
DA:195,5
DA:196,5
DA:197,5
DA:198,5
DA:199,5
DA:200,5
DA:201,5
DA:202,5
DA:203,5
DA:204,5
DA:205,5
DA:206,5
DA:207,5
DA:208,5
DA:209,5
DA:210,5
DA:211,2
DA:212,2
DA:213,2
DA:214,2
DA:215,5
DA:216,5
DA:217,5
DA:218,5
DA:219,5
DA:220,5
DA:221,5
DA:222,5
DA:223,5
DA:224,5
DA:225,5
DA:226,5
DA:227,5
DA:228,5
DA:229,5
DA:230,5
DA:231,5
DA:232,5
DA:233,5
DA:234,5
DA:235,5
DA:236,5
DA:237,5
DA:238,5
DA:239,5
DA:240,5
DA:241,5
DA:242,5
DA:243,5
DA:244,5
DA:245,5
DA:246,5
DA:247,5
DA:248,5
DA:249,5
DA:250,5
DA:251,2
DA:252,2
DA:253,2
DA:254,2
DA:255,2
DA:256,5
DA:257,1
DA:258,1
DA:259,1
DA:260,5
DA:261,1
DA:262,1
DA:263,1
DA:264,5
DA:265,5
DA:266,5
DA:267,5
DA:268,5
DA:269,5
DA:270,5
DA:271,5
DA:272,5
DA:273,5
DA:274,5
DA:275,5
DA:276,5
DA:277,5
DA:278,5
DA:279,0
DA:280,0
DA:281,0
DA:282,0
DA:283,0
DA:284,0
DA:285,0
DA:286,0
DA:287,0
DA:288,0
DA:289,0
DA:290,0
DA:291,0
DA:292,0
DA:293,0
DA:294,0
DA:295,0
DA:296,0
DA:297,0
DA:298,0
DA:299,0
DA:300,0
DA:301,0
DA:302,0
DA:303,0
DA:304,0
DA:305,0
DA:306,0
DA:307,0
DA:308,0
DA:309,0
DA:310,0
DA:311,0
DA:312,0
DA:313,0
DA:314,0
DA:315,0
DA:316,5
DA:317,0
DA:318,0
DA:319,5
DA:320,5
DA:321,5
DA:322,5
DA:323,5
DA:324,5
DA:325,5
DA:326,5
DA:327,5
DA:328,0
DA:329,0
DA:330,0
DA:331,0
DA:332,0
DA:333,0
DA:334,0
DA:335,0
DA:336,0
DA:337,0
DA:338,0
DA:339,0
DA:340,0
DA:341,0
DA:342,0
DA:343,0
DA:344,0
DA:345,5
DA:346,5
DA:347,5
DA:348,5
DA:349,5
DA:350,5
DA:351,5
DA:352,5
DA:353,5
DA:354,5
DA:355,5
DA:356,5
DA:357,5
DA:358,5
DA:359,5
DA:360,5
DA:361,5
DA:362,5
DA:363,5
DA:364,5
DA:365,5
DA:366,5
DA:367,5
DA:368,5
DA:369,5
DA:370,5
DA:371,0
DA:372,0
DA:373,5
DA:374,5
DA:375,5
DA:376,5
DA:377,5
DA:378,5
DA:379,5
DA:380,5
DA:381,5
DA:382,5
DA:383,5
DA:384,5
DA:385,5
DA:386,5
DA:387,5
DA:388,5
DA:389,5
DA:390,5
DA:391,5
DA:392,5
DA:393,5
DA:394,5
DA:395,5
DA:396,5
DA:397,5
DA:398,5
DA:399,5
DA:400,5
DA:401,5
DA:402,5
DA:403,5
DA:404,5
DA:405,5
DA:406,5
DA:407,5
DA:408,0
DA:409,0
DA:410,5
DA:411,5
DA:412,5
DA:413,5
DA:414,5
DA:415,5
DA:416,5
DA:417,5
DA:418,5
DA:419,5
DA:420,5
DA:421,5
DA:422,5
DA:423,5
DA:424,5
DA:425,5
DA:426,5
DA:427,5
DA:428,5
DA:429,5
DA:430,5
DA:431,5
DA:432,5
DA:433,5
DA:434,5
DA:435,3
DA:436,3
DA:437,0
DA:438,0
DA:439,0
DA:440,0
DA:441,0
DA:442,0
DA:443,3
DA:444,3
DA:445,3
DA:446,6
DA:447,6
DA:448,6
DA:449,6
DA:450,6
DA:451,6
DA:452,6
DA:453,6
DA:454,6
DA:455,6
DA:456,6
DA:457,6
DA:458,6
DA:459,6
DA:460,6
DA:461,6
DA:462,6
DA:463,0
DA:464,0
DA:465,0
DA:466,0
DA:467,0
DA:468,0
DA:469,6
DA:470,6
DA:471,6
DA:472,6
DA:473,6
DA:474,6
DA:475,6
DA:476,6
DA:477,6
DA:478,6
DA:479,6
DA:480,6
DA:481,6
DA:482,6
DA:483,6
DA:484,6
DA:485,6
DA:486,6
DA:487,6
DA:488,6
DA:489,6
DA:490,6
DA:491,6
DA:492,6
DA:493,6
DA:494,6
DA:495,6
DA:496,6
DA:497,6
DA:498,6
DA:499,6
DA:500,6
DA:501,6
DA:502,0
DA:503,0
DA:504,0
DA:505,0
DA:506,0
DA:507,0
DA:508,0
DA:509,0
DA:510,0
DA:511,0
DA:512,0
DA:513,6
DA:514,6
DA:515,6
DA:516,6
DA:517,6
DA:518,6
DA:519,6
DA:520,6
DA:521,6
DA:522,6
DA:523,6
DA:524,6
DA:525,6
DA:526,6
DA:527,6
DA:528,6
DA:529,0
DA:530,0
DA:531,0
DA:532,0
DA:533,0
DA:534,0
DA:535,6
DA:536,6
DA:537,6
DA:538,6
DA:539,6
DA:540,6
DA:541,6
DA:542,6
DA:543,6
DA:544,6
DA:545,6
DA:546,6
DA:547,6
DA:548,6
DA:549,6
DA:550,6
DA:551,6
DA:552,0
DA:553,0
DA:554,0
DA:555,0
DA:556,0
DA:557,0
DA:558,0
DA:559,0
DA:560,0
DA:561,0
DA:562,0
DA:563,0
DA:564,0
DA:565,0
DA:566,0
DA:567,0
DA:568,0
DA:569,0
DA:570,0
DA:571,0
DA:572,0
DA:573,0
DA:574,0
DA:575,0
DA:576,0
DA:577,0
DA:578,0
DA:579,0
DA:580,0
DA:581,0
DA:582,0
DA:583,0
DA:584,0
DA:585,0
DA:586,0
DA:587,0
DA:588,0
DA:589,0
DA:590,0
DA:591,0
DA:592,0
DA:593,0
DA:594,0
DA:595,6
DA:596,6
DA:597,6
DA:598,6
DA:599,6
DA:600,6
DA:601,6
DA:602,6
DA:603,6
DA:604,0
DA:605,6
DA:606,6
DA:607,6
DA:608,0
DA:609,0
DA:610,0
DA:611,0
DA:612,0
DA:613,0
DA:614,0
DA:615,0
DA:616,0
DA:617,0
DA:618,0
DA:619,6
DA:620,6
DA:621,6
DA:622,0
DA:623,0
DA:624,0
DA:625,0
DA:626,0
DA:627,6
DA:628,6
DA:629,6
DA:630,6
DA:631,0
DA:632,0
DA:633,0
DA:634,0
DA:635,0
DA:636,6
DA:637,6
DA:638,6
DA:639,6
DA:640,6
DA:641,0
DA:642,0
DA:643,0
DA:644,0
DA:645,0
DA:646,6
DA:647,6
DA:648,6
DA:649,6
DA:650,6
DA:651,6
DA:652,1
DA:653,6
DA:654,2
DA:655,2
DA:656,2
DA:657,2
DA:658,2
DA:659,2
DA:660,1
DA:661,1
DA:662,1
DA:663,1
DA:664,1
DA:665,1
DA:666,1
DA:667,1
DA:668,1
DA:669,2
DA:670,2
DA:671,2
DA:672,1
DA:673,1
DA:674,1
DA:675,2
DA:676,2
DA:677,2
DA:678,1
DA:679,1
DA:680,1
DA:681,1
DA:682,1
DA:683,1
DA:684,1
DA:685,1
DA:686,1
DA:687,1
DA:688,1
DA:689,2
DA:690,2
DA:691,2
DA:692,2
DA:693,2
DA:694,6
DA:695,0
DA:696,0
DA:697,0
DA:698,0
DA:699,0
DA:700,0
DA:701,0
DA:702,0
DA:703,0
DA:704,0
DA:705,0
DA:706,0
DA:707,0
DA:708,6
DA:709,6
DA:710,6
DA:711,6
DA:712,6
DA:713,6
DA:714,6
DA:715,6
DA:716,6
DA:717,6
DA:718,6
DA:719,6
DA:720,2
DA:721,2
DA:722,2
DA:723,2
DA:724,6
DA:725,6
DA:726,6
DA:727,6
DA:728,6
DA:729,6
DA:730,6
DA:731,6
DA:732,6
DA:733,6
DA:734,6
DA:735,6
DA:736,6
DA:737,0
DA:738,0
DA:739,0
DA:740,0
DA:741,0
DA:742,0
DA:743,2
DA:744,2
DA:745,6
DA:746,6
DA:747,6
DA:748,6
DA:749,6
DA:750,6
DA:751,6
DA:752,6
DA:753,6
DA:754,6
DA:755,6
DA:756,6
DA:757,6
DA:758,6
DA:759,6
DA:760,6
DA:761,6
DA:762,6
DA:763,6
DA:764,6
DA:765,6
DA:766,6
DA:767,6
DA:768,6
DA:769,6
DA:770,6
DA:771,6
DA:772,6
DA:773,6
DA:774,6
DA:775,6
DA:776,6
DA:777,6
DA:778,6
DA:779,6
DA:780,6
DA:781,6
DA:782,2
DA:783,6
DA:784,6
DA:785,6
DA:786,0
DA:787,0
DA:788,0
DA:789,0
DA:790,6
DA:791,1
DA:792,2
DA:793,1
DA:794,1
DA:795,0
DA:796,1
DA:797,0
DA:798,0
DA:799,2
DA:800,6
DA:801,0
DA:802,0
DA:803,2
DA:804,2
DA:805,2
DA:806,2
DA:807,6
DA:808,2
DA:809,2
DA:810,2
DA:811,2
DA:812,2
DA:813,2
DA:814,2
DA:815,2
DA:816,2
DA:817,2
DA:818,2
DA:819,2
DA:820,2
DA:821,2
DA:822,2
DA:823,2
DA:824,2
DA:825,2
DA:826,2
DA:827,2
DA:828,2
DA:829,2
DA:830,2
DA:831,2
DA:832,2
DA:833,2
DA:834,2
DA:835,2
DA:836,2
DA:837,2
DA:838,2
DA:839,2
DA:840,2
DA:841,2
DA:842,2
DA:843,2
DA:844,2
DA:845,2
DA:846,2
DA:847,2
DA:848,2
DA:849,2
DA:850,2
DA:851,2
DA:852,2
DA:853,2
DA:854,2
DA:855,2
DA:856,2
DA:857,2
DA:858,2
DA:859,2
DA:860,2
DA:861,2
DA:862,2
DA:863,2
DA:864,2
DA:865,2
DA:866,2
DA:867,2
DA:868,2
DA:869,2
DA:870,2
DA:871,2
DA:872,2
DA:873,2
DA:874,2
DA:875,2
DA:876,2
DA:877,2
DA:878,2
DA:879,2
DA:880,2
DA:881,2
DA:882,2
DA:883,2
DA:884,2
DA:885,2
DA:886,2
DA:887,2
DA:888,2
DA:889,2
DA:890,2
DA:891,2
DA:892,2
DA:893,2
DA:894,2
DA:895,2
DA:896,2
DA:897,2
DA:898,2
DA:899,2
DA:900,2
DA:901,2
DA:902,2
DA:903,2
DA:904,2
DA:905,2
DA:906,2
DA:907,2
DA:908,2
DA:909,2
DA:910,2
DA:911,2
DA:912,2
DA:913,2
DA:914,2
DA:915,2
DA:916,2
DA:917,2
DA:918,2
DA:919,2
DA:920,1
DA:921,1
DA:922,1
DA:923,1
DA:924,1
DA:925,1
DA:926,1
DA:927,1
DA:928,1
DA:929,1
DA:930,1
DA:931,1
DA:932,1
DA:933,1
DA:934,1
DA:935,2
DA:936,2
DA:937,2
DA:938,2
DA:939,2
DA:940,2
DA:941,2
DA:942,2
DA:943,2
DA:944,2
DA:945,2
DA:946,2
DA:947,2
DA:948,2
DA:949,2
DA:950,2
DA:951,2
DA:952,2
DA:953,2
DA:954,2
DA:955,2
DA:956,2
DA:957,2
DA:958,2
DA:959,2
DA:960,2
DA:961,2
DA:962,2
DA:963,2
DA:964,2
DA:965,2
DA:966,2
DA:967,2
DA:968,2
DA:969,2
DA:970,2
DA:971,2
DA:972,2
DA:973,2
DA:974,2
DA:975,2
DA:976,2
DA:977,2
DA:978,2
DA:979,2
DA:980,2
DA:981,2
DA:982,2
DA:983,2
DA:984,2
DA:985,2
DA:986,2
DA:987,2
DA:988,2
DA:989,2
DA:990,2
DA:991,2
DA:992,2
DA:993,2
DA:994,2
DA:995,0
DA:996,0
DA:997,0
DA:998,0
DA:999,0
DA:1000,0
DA:1001,0
DA:1002,0
DA:1003,0
DA:1004,0
DA:1005,0
DA:1006,0
DA:1007,0
DA:1008,0
DA:1009,0
DA:1010,0
DA:1011,0
DA:1012,0
DA:1013,0
DA:1014,0
DA:1015,0
DA:1016,0
DA:1017,0
DA:1018,0
DA:1019,0
DA:1020,0
DA:1021,0
DA:1022,0
DA:1023,0
DA:1024,0
DA:1025,0
DA:1026,0
DA:1027,0
DA:1028,2
DA:1029,2
DA:1030,0
DA:1031,0
DA:1032,2
DA:1033,2
DA:1034,2
DA:1035,2
DA:1036,2
DA:1037,2
DA:1038,2
DA:1039,2
DA:1040,2
DA:1041,2
DA:1042,2
DA:1043,2
DA:1044,3
DA:1045,3
DA:1046,3
DA:1047,3
DA:1048,3
DA:1049,6
DA:1050,6
DA:1051,6
DA:1052,6
DA:1053,6
DA:1054,6
DA:1055,6
DA:1056,6
DA:1057,3
DA:1058,3
DA:1059,3
DA:1060,3
DA:1061,3
DA:1062,3
DA:1063,3
DA:1064,3
DA:1065,3
DA:1066,0
DA:1067,0
DA:1068,0
DA:1069,3
DA:1070,3
DA:1071,3
DA:1072,3
DA:1073,3
DA:1074,3
DA:1075,3
DA:1076,3
DA:1077,3
DA:1078,3
DA:1079,3
DA:1080,3
DA:1081,3
DA:1082,3
DA:1083,0
DA:1084,0
DA:1085,3
DA:1086,3
DA:1087,3
DA:1088,3
DA:1089,3
DA:1090,3
DA:1091,3
DA:1092,3
DA:1093,3
DA:1094,3
DA:1095,3
DA:1096,3
DA:1097,3
DA:1098,3
DA:1099,3
DA:1100,3
DA:1101,3
DA:1102,3
DA:1103,3
DA:1104,3
DA:1105,3
DA:1106,3
DA:1107,3
DA:1108,3
DA:1109,3
DA:1110,3
DA:1111,3
DA:1112,3
DA:1113,3
DA:1114,0
DA:1115,0
DA:1116,0
DA:1117,0
DA:1118,0
DA:1119,3
DA:1120,3
DA:1121,3
DA:1122,3
DA:1123,3
DA:1124,3
DA:1125,3
DA:1126,3
DA:1127,3
DA:1128,3
DA:1129,0
DA:1130,0
DA:1131,0
DA:1132,0
DA:1133,0
DA:1134,0
DA:1135,0
DA:1136,3
DA:1137,3
DA:1138,3
DA:1139,0
DA:1140,0
DA:1141,0
DA:1142,0
DA:1143,0
DA:1144,0
DA:1145,0
DA:1146,3
DA:1147,3
DA:1148,6
DA:1149,0
DA:1150,0
DA:1151,0
DA:1152,0
DA:1153,0
DA:1154,0
DA:1155,0
DA:1156,0
DA:1157,1
DA:1158,1
DA:1159,6
DA:1160,1
DA:1161,1
DA:1162,1
DA:1163,1
DA:1164,1
DA:1165,1
DA:1166,1
DA:1167,1
DA:1168,1
DA:1169,1
DA:1170,1
DA:1171,1
DA:1172,1
DA:1173,1
DA:1174,1
DA:1175,1
DA:1176,1
DA:1177,1
DA:1178,1
DA:1179,1
DA:1180,1
DA:1181,1
DA:1182,1
DA:1183,1
DA:1184,1
DA:1185,1
DA:1186,1
DA:1187,1
DA:1188,1
DA:1189,1
DA:1190,1
DA:1191,1
DA:1192,1
DA:1193,1
DA:1194,1
DA:1195,1
DA:1196,1
DA:1197,1
DA:1198,1
DA:1199,1
DA:1200,1
DA:1201,1
DA:1202,1
DA:1203,1
DA:1204,1
DA:1205,1
DA:1206,1
DA:1207,2
DA:1208,2
DA:1209,6
DA:1210,0
DA:1211,0
DA:1212,0
DA:1213,0
DA:1214,0
DA:1215,0
DA:1216,0
DA:1217,0
DA:1218,0
DA:1219,0
DA:1220,0
DA:1221,0
DA:1222,0
DA:1223,0
DA:1224,0
DA:1225,0
DA:1226,0
DA:1227,0
DA:1228,0
DA:1229,0
DA:1230,0
DA:1231,0
DA:1232,0
DA:1233,0
DA:1234,0
DA:1235,0
DA:1236,0
DA:1237,3
DA:1238,3
DA:1239,3
DA:1240,3
DA:1241,3
DA:1242,3
DA:1243,9
DA:1244,0
DA:1245,0
DA:1246,9
DA:1247,9
DA:1248,0
DA:1249,0
DA:1250,9
DA:1251,9
DA:1252,14
DA:1253,14
DA:1254,14
DA:1255,56
DA:1256,56
DA:1257,14
DA:1258,9
DA:1259,9
DA:1260,9
DA:1261,0
DA:1262,0
DA:1263,9
DA:1264,9
DA:1265,9
DA:1266,9
DA:1267,9
DA:1268,2
DA:1269,2
DA:1270,9
DA:1271,1
DA:1272,1
DA:1273,1
DA:1274,1
DA:1275,9
DA:1276,9
DA:1277,9
DA:1278,0
DA:1279,9
DA:1280,9
DA:1281,9
DA:1282,9
DA:1283,9
DA:1284,0
DA:1285,0
DA:1286,0
DA:1287,0
DA:1288,0
DA:1289,0
DA:1290,0
DA:1291,0
DA:1292,0
DA:1293,0
DA:1294,0
DA:1295,1
DA:1296,1
DA:1297,9
DA:1298,0
DA:1299,0
DA:1300,0
DA:1301,0
DA:1302,0
DA:1303,1
DA:1304,1
DA:1305,9
LH:975
LF:1305
end_of_record
SF:functions/api/tts-hume.js
FN:72,onRequestGet
FN:82,onRequestPost
FNDA:2,onRequestGet
FNDA:4,onRequestPost
FNF:2
FNH:2
BRDA:1,0,0,1
BRDA:72,1,0,2
BRDA:77,2,0,1
BRDA:77,3,0,1
BRDA:82,4,0,4
BRDA:92,5,0,0
BRDA:92,6,0,0
BRDA:112,7,0,1
BRDA:117,8,0,3
BRDA:120,9,0,0
BRDA:143,10,0,3
BRDA:147,11,0,1
BRDA:152,12,0,2
BRDA:161,13,0,1
BRDA:162,14,0,0
BRDA:162,15,0,1
BRDA:172,16,0,0
BRDA:174,17,0,2
BRDA:174,18,0,1
BRDA:174,19,0,1
BRDA:176,20,0,0
BRDA:176,21,0,0
BRDA:178,22,0,2
BRDA:181,23,0,1
BRDA:183,24,0,2
BRDA:186,25,0,1
BRDA:189,26,0,2
BRDA:198,27,0,1
BRDA:202,28,0,2
BRDA:215,29,0,1
BRDA:223,30,0,0
BRDA:223,31,0,0
BRDA:224,32,0,0
BRDA:233,33,0,0
BRDA:239,34,0,1
BRDA:246,35,0,1
BRDA:246,36,0,0
BRDA:248,37,0,1
BRDA:251,38,0,0
BRDA:251,39,0,0
BRDA:263,40,0,0
BRDA:271,41,0,0
BRF:42
BRH:26
DA:1,1
DA:2,1
DA:3,1
DA:4,1
DA:5,1
DA:6,1
DA:7,1
DA:8,1
DA:9,1
DA:10,1
DA:11,1
DA:12,1
DA:13,1
DA:14,1
DA:15,1
DA:16,1
DA:17,1
DA:18,1
DA:19,1
DA:20,1
DA:21,1
DA:22,1
DA:23,1
DA:24,1
DA:25,1
DA:26,1
DA:27,1
DA:28,1
DA:29,1
DA:30,1
DA:31,1
DA:32,1
DA:33,1
DA:34,1
DA:35,1
DA:36,1
DA:37,1
DA:38,1
DA:39,1
DA:40,1
DA:41,1
DA:42,1
DA:43,1
DA:44,1
DA:45,1
DA:46,1
DA:47,1
DA:48,1
DA:49,1
DA:50,1
DA:51,1
DA:52,1
DA:53,1
DA:54,1
DA:55,1
DA:56,1
DA:57,1
DA:58,1
DA:59,1
DA:60,1
DA:61,1
DA:62,1
DA:63,1
DA:64,1
DA:65,1
DA:66,1
DA:67,1
DA:68,1
DA:69,1
DA:70,1
DA:71,1
DA:72,1
DA:73,2
DA:74,2
DA:75,2
DA:76,2
DA:77,2
DA:78,2
DA:79,2
DA:80,1
DA:81,1
DA:82,1
DA:83,4
DA:84,4
DA:85,4
DA:86,4
DA:87,4
DA:88,4
DA:89,4
DA:90,4
DA:91,4
DA:92,4
DA:93,0
DA:94,0
DA:95,0
DA:96,0
DA:97,0
DA:98,4
DA:99,4
DA:100,4
DA:101,4
DA:102,4
DA:103,4
DA:104,4
DA:105,4
DA:106,4
DA:107,4
DA:108,4
DA:109,4
DA:110,4
DA:111,4
DA:112,4
DA:113,1
DA:114,1
DA:115,1
DA:116,1
DA:117,1
DA:118,3
DA:119,3
DA:120,4
DA:121,0
DA:122,0
DA:123,0
DA:124,0
DA:125,0
DA:126,0
DA:127,0
DA:128,0
DA:129,0
DA:130,0
DA:131,0
DA:132,0
DA:133,0
DA:134,0
DA:135,0
DA:136,0
DA:137,0
DA:138,0
DA:139,0
DA:140,0
DA:141,0
DA:142,0
DA:143,0
DA:144,3
DA:145,3
DA:146,3
DA:147,4
DA:148,1
DA:149,1
DA:150,1
DA:151,1
DA:152,1
DA:153,2
DA:154,2
DA:155,2
DA:156,2
DA:157,2
DA:158,2
DA:159,2
DA:160,2
DA:161,4
DA:162,4
DA:163,4
DA:164,4
DA:165,4
DA:166,4
DA:167,4
DA:168,4
DA:169,4
DA:170,4
DA:171,4
DA:172,4
DA:173,0
DA:174,4
DA:175,1
DA:176,1
DA:177,0
DA:178,0
DA:179,2
DA:180,2
DA:181,4
DA:182,1
DA:183,1
DA:184,2
DA:185,2
DA:186,4
DA:187,1
DA:188,1
DA:189,1
DA:190,2
DA:191,2
DA:192,2
DA:193,2
DA:194,2
DA:195,2
DA:196,2
DA:197,2
DA:198,4
DA:199,1
DA:200,1
DA:201,1
DA:202,1
DA:203,2
DA:204,2
DA:205,2
DA:206,2
DA:207,2
DA:208,2
DA:209,2
DA:210,2
DA:211,2
DA:212,2
DA:213,2
DA:214,2
DA:215,4
DA:216,1
DA:217,1
DA:218,1
DA:219,1
DA:220,1
DA:221,1
DA:222,1
DA:223,1
DA:224,1
DA:225,0
DA:226,0
DA:227,1
DA:228,1
DA:229,1
DA:230,1
DA:231,1
DA:232,1
DA:233,1
DA:234,0
DA:235,0
DA:236,0
DA:237,0
DA:238,0
DA:239,0
DA:240,1
DA:241,1
DA:242,1
DA:243,1
DA:244,1
DA:245,4
DA:246,4
DA:247,0
DA:248,0
DA:249,1
DA:250,1
DA:251,4
DA:252,4
DA:253,4
DA:254,4
DA:255,4
DA:256,4
DA:257,4
DA:258,4
DA:259,4
DA:260,4
DA:261,4
DA:262,4
DA:263,4
DA:264,0
DA:265,0
DA:266,0
DA:267,0
DA:268,0
DA:269,0
DA:270,4
DA:271,4
DA:272,0
DA:273,0
DA:274,0
DA:275,0
DA:276,0
DA:277,0
DA:278,1
DA:279,1
DA:280,1
LH:227
LF:280
end_of_record
SF:functions/api/tts.js
FN:10,normalizeAzureEndpoint
FN:44,onRequestGet
FN:66,onRequestPost
FN:203,uint8ToBase64
FN:241,normalizeSpeechFormat
FN:247,resolveUseV1Format
FN:256,resolveSpeechApiVersion
FN:268,resolveSpeechRouting
FN:274,buildSpeechFormData
FN:283,buildSpeechRequestOptions
FN:297,shouldRetrySpeechAsJson
FN:304,fetchSpeechWithFallback
FN:325,anonymous_12
FN:357,buildTTSRequest
FN:419,generateWithAzureGptMiniTTS
FN:451,generateWithAzureGptMiniTTSStream
FN:480,parseBooleanFlag
FN:497,isTtsDebugLoggingEnabled
FNDA:27,normalizeAzureEndpoint
FNDA:5,onRequestGet
FNDA:66194,onRequestPost
FNDA:0,uint8ToBase64
FNDA:31,normalizeSpeechFormat
FNDA:7,resolveUseV1Format
FNDA:7,resolveSpeechApiVersion
FNDA:7,resolveSpeechRouting
FNDA:10,buildSpeechFormData
FNDA:2,buildSpeechRequestOptions
FNDA:1,shouldRetrySpeechAsJson
FNDA:2,fetchSpeechWithFallback
FNDA:0,anonymous_12
FNDA:2,buildTTSRequest
FNDA:2,generateWithAzureGptMiniTTS
FNDA:0,generateWithAzureGptMiniTTSStream
FNDA:1,parseBooleanFlag
FNDA:29,isTtsDebugLoggingEnabled
FNF:18
FNH:15
BRDA:1,0,0,1
BRDA:10,1,0,27
BRDA:11,2,0,23
BRDA:44,3,0,5
BRDA:47,4,0,3
BRDA:48,5,0,3
BRDA:54,6,0,3
BRDA:55,7,0,4
BRDA:55,8,0,4
BRDA:58,9,0,4
BRDA:58,10,0,1
BRDA:66,11,0,29
BRDA:84,12,0,3
BRDA:89,13,0,26
BRDA:92,14,0,0
BRDA:92,15,0,0
BRDA:97,16,0,26
BRDA:101,17,0,1
BRDA:102,18,0,0
BRDA:104,19,0,0
BRDA:124,20,0,25
BRDA:130,21,0,25
BRDA:133,22,0,25
BRDA:138,23,0,2
BRDA:138,24,0,2
BRDA:138,25,0,2
BRDA:140,26,0,0
BRDA:157,27,0,0
BRDA:165,28,0,25
BRDA:170,29,0,1
BRDA:175,30,0,66194
BRDA:185,31,0,24
BRDA:188,32,0,0
BRDA:241,33,0,31
BRDA:242,34,0,29
BRDA:242,35,0,2
BRDA:244,36,0,0
BRDA:247,37,0,7
BRDA:248,38,0,0
BRDA:249,39,0,0
BRDA:249,40,0,0
BRDA:249,41,0,0
BRDA:252,42,0,3
BRDA:256,43,0,7
BRDA:257,44,0,3
BRDA:259,45,0,0
BRDA:265,46,0,3
BRDA:268,47,0,7
BRDA:274,48,0,2
BRDA:276,49,0,10
BRDA:277,50,0,0
BRDA:278,51,0,8
BRDA:278,52,0,2
BRDA:283,53,0,2
BRDA:289,54,0,0
BRDA:297,55,0,1
BRDA:298,56,0,0
BRDA:299,57,0,0
BRDA:301,58,0,0
BRDA:301,59,0,0
BRDA:304,60,0,2
BRDA:306,61,0,0
BRDA:310,62,0,1
BRDA:319,63,0,1
BRDA:321,64,0,0
BRDA:323,65,0,1
BRDA:328,66,0,1
BRDA:332,67,0,0
BRDA:335,68,0,1
BRDA:338,69,0,0
BRDA:357,70,0,2
BRDA:360,71,0,0
BRDA:369,72,0,0
BRDA:372,73,0,0
BRDA:372,74,0,0
BRDA:379,75,0,0
BRDA:383,76,0,0
BRDA:388,77,0,0
BRDA:403,78,0,0
BRDA:419,79,0,2
BRDA:422,80,0,1
BRDA:427,81,0,0
BRDA:436,82,0,0
BRDA:480,83,0,1
BRDA:481,84,0,0
BRDA:485,85,0,0
BRDA:491,86,0,0
BRDA:491,87,0,0
BRDA:492,88,0,0
BRDA:497,89,0,29
BRDA:499,90,0,1
BRDA:501,91,0,28
BRDA:504,92,0,2
BRDA:504,93,0,2
BRDA:506,94,0,26
BRDA:509,95,0,0
BRDA:509,96,0,0
BRDA:511,97,0,26
BRF:98
BRH:58
DA:1,1
DA:2,1
DA:3,1
DA:4,1
DA:5,1
DA:6,1
DA:7,1
DA:8,1
DA:9,1
DA:10,27
DA:11,27
DA:12,27
DA:13,27
DA:14,27
DA:15,27
DA:16,1
DA:17,1
DA:18,1
DA:19,1
DA:20,1
DA:21,1
DA:22,1
DA:23,1
DA:24,1
DA:25,1
DA:26,1
DA:27,1
DA:28,1
DA:29,1
DA:30,1
DA:31,1
DA:32,1
DA:33,1
DA:34,1
DA:35,1
DA:36,1
DA:37,1
DA:38,1
DA:39,1
DA:40,1
DA:41,1
DA:42,1
DA:43,1
DA:44,1
DA:45,5
DA:46,5
DA:47,5
DA:48,5
DA:49,5
DA:50,5
DA:51,5
DA:52,5
DA:53,5
DA:54,5
DA:55,5
DA:56,5
DA:57,5
DA:58,5
DA:59,5
DA:60,5
DA:61,5
DA:62,5
DA:63,5
DA:64,1
DA:65,1
DA:66,1
DA:67,29
DA:68,29
DA:69,29
DA:70,29
DA:71,29
DA:72,29
DA:73,29
DA:74,29
DA:75,29
DA:76,29
DA:77,29
DA:78,29
DA:79,29
DA:80,29
DA:81,29
DA:82,29
DA:83,29
DA:84,29
DA:85,3
DA:86,3
DA:87,3
DA:88,3
DA:89,3
DA:90,26
DA:91,26
DA:92,29
DA:93,0
DA:94,0
DA:95,0
DA:96,0
DA:97,0
DA:98,26
DA:99,26
DA:100,26
DA:101,29
DA:102,1
DA:103,1
DA:104,1
DA:105,1
DA:106,1
DA:107,1
DA:108,1
DA:109,1
DA:110,1
DA:111,1
DA:112,1
DA:113,1
DA:114,1
DA:115,1
DA:116,1
DA:117,1
DA:118,1
DA:119,1
DA:120,1
DA:121,1
DA:122,1
DA:123,1
DA:124,1
DA:125,25
DA:126,25
DA:127,25
DA:128,25
DA:129,29
DA:130,29
DA:131,29
DA:132,29
DA:133,29
DA:134,29
DA:135,29
DA:136,29
DA:137,29
DA:138,29
DA:139,2
DA:140,2
DA:141,0
DA:142,0
DA:143,0
DA:144,0
DA:145,0
DA:146,0
DA:147,0
DA:148,0
DA:149,2
DA:150,2
DA:151,2
DA:152,2
DA:153,2
DA:154,2
DA:155,2
DA:156,2
DA:157,2
DA:158,0
DA:159,0
DA:160,0
DA:161,2
DA:162,2
DA:163,2
DA:164,2
DA:165,2
DA:166,25
DA:167,25
DA:168,25
DA:169,25
DA:170,29
DA:171,1
DA:172,1
DA:173,1
DA:174,1
DA:175,1
DA:176,66194
DA:177,66194
DA:178,1
DA:179,1
DA:180,1
DA:181,1
DA:182,1
DA:183,1
DA:184,1
DA:185,1
DA:186,24
DA:187,24
DA:188,29
DA:189,0
DA:190,0
DA:191,0
DA:192,0
DA:193,0
DA:194,0
DA:195,1
DA:196,1
DA:197,1
DA:198,1
DA:199,1
DA:200,1
DA:201,1
DA:202,1
DA:203,0
DA:204,0
DA:205,0
DA:206,0
DA:207,0
DA:208,0
DA:209,0
DA:210,1
DA:211,1
DA:212,1
DA:213,1
DA:214,1
DA:215,1
DA:216,1
DA:217,1
DA:218,1
DA:219,1
DA:220,1
DA:221,1
DA:222,1
DA:223,1
DA:224,1
DA:225,1
DA:226,1
DA:227,1
DA:228,1
DA:229,1
DA:230,1
DA:231,1
DA:232,1
DA:233,1
DA:234,1
DA:235,1
DA:236,1
DA:237,1
DA:238,1
DA:239,1
DA:240,1
DA:241,31
DA:242,31
DA:243,2
DA:244,31
DA:245,31
DA:246,1
DA:247,7
DA:248,7
DA:249,7
DA:250,0
DA:251,0
DA:252,7
DA:253,7
DA:254,7
DA:255,1
DA:256,7
DA:257,7
DA:258,7
DA:259,7
DA:260,0
DA:261,0
DA:262,0
DA:263,0
DA:264,0
DA:265,7
DA:266,7
DA:267,1
DA:268,7
DA:269,7
DA:270,7
DA:271,7
DA:272,7
DA:273,1
DA:274,2
DA:275,2
DA:276,2
DA:277,10
DA:278,10
DA:279,10
DA:280,2
DA:281,2
DA:282,1
DA:283,2
DA:284,2
DA:285,2
DA:286,2
DA:287,2
DA:288,2
DA:289,2
DA:290,0
DA:291,0
DA:292,0
DA:293,2
DA:294,2
DA:295,2
DA:296,1
DA:297,1
DA:298,1
DA:299,1
DA:300,1
DA:301,1
DA:302,1
DA:303,1
DA:304,2
DA:305,2
DA:306,2
DA:307,2
DA:308,2
DA:309,2
DA:310,2
DA:311,1
DA:312,1
DA:313,2
DA:314,2
DA:315,2
DA:316,2
DA:317,2
DA:318,2
DA:319,2
DA:320,1
DA:321,2
DA:322,0
DA:323,0
DA:324,1
DA:325,1
DA:326,1
DA:327,1
DA:328,2
DA:329,1
DA:330,1
DA:331,1
DA:332,2
DA:333,0
DA:334,0
DA:335,0
DA:336,1
DA:337,1
DA:338,1
DA:339,0
DA:340,0
DA:341,0
DA:342,2
DA:343,1
DA:344,1
DA:345,1
DA:346,1
DA:347,1
DA:348,1
DA:349,1
DA:350,1
DA:351,1
DA:352,1
DA:353,1
DA:354,1
DA:355,1
DA:356,1
DA:357,2
DA:358,2
DA:359,2
DA:360,2
DA:361,2
DA:362,2
DA:363,2
DA:364,2
DA:365,2
DA:366,2
DA:367,2
DA:368,2
DA:369,2
DA:370,2
DA:371,2
DA:372,2
DA:373,0
DA:374,0
DA:375,2
DA:376,2
DA:377,2
DA:378,2
DA:379,2
DA:380,2
DA:381,2
DA:382,2
DA:383,2
DA:384,2
DA:385,2
DA:386,2
DA:387,2
DA:388,2
DA:389,2
DA:390,2
DA:391,2
DA:392,2
DA:393,2
DA:394,2
DA:395,2
DA:396,2
DA:397,2
DA:398,2
DA:399,2
DA:400,2
DA:401,2
DA:402,2
DA:403,2
DA:404,0
DA:405,0
DA:406,2
DA:407,2
DA:408,2
DA:409,1
DA:410,1
DA:411,1
DA:412,1
DA:413,1
DA:414,1
DA:415,1
DA:416,1
DA:417,1
DA:418,1
DA:419,2
DA:420,2
DA:421,2
DA:422,2
DA:423,1
DA:424,1
DA:425,1
DA:426,2
DA:427,2
DA:428,0
DA:429,0
DA:430,0
DA:431,0
DA:432,0
DA:433,0
DA:434,0
DA:435,0
DA:436,2
DA:437,2
DA:438,2
DA:439,1
DA:440,1
DA:441,1
DA:442,1
DA:443,1
DA:444,1
DA:445,1
DA:446,1
DA:447,1
DA:448,1
DA:449,1
DA:450,1
DA:451,0
DA:452,0
DA:453,0
DA:454,0
DA:455,0
DA:456,0
DA:457,0
DA:458,0
DA:459,0
DA:460,0
DA:461,0
DA:462,0
DA:463,0
DA:464,0
DA:465,0
DA:466,0
DA:467,0
DA:468,0
DA:469,0
DA:470,0
DA:471,0
DA:472,0
DA:473,0
DA:474,0
DA:475,0
DA:476,0
DA:477,0
DA:478,0
DA:479,1
DA:480,1
DA:481,1
DA:482,0
DA:483,0
DA:484,1
DA:485,1
DA:486,0
DA:487,0
DA:488,1
DA:489,1
DA:490,1
DA:491,1
DA:492,1
DA:493,0
DA:494,0
DA:495,1
DA:496,1
DA:497,29
DA:498,29
DA:499,29
DA:500,1
DA:501,1
DA:502,28
DA:503,28
DA:504,29
DA:505,2
DA:506,2
DA:507,26
DA:508,26
DA:509,29
DA:510,0
DA:511,0
DA:512,26
DA:513,26
DA:514,29
LH:419
LF:514
end_of_record
SF:functions/api/usage.js
FN:25,onRequestGet
FNDA:2,onRequestGet
FNF:1
FNH:1
BRDA:1,0,0,1
BRDA:25,1,0,2
BRDA:40,2,0,0
BRDA:44,3,0,0
BRDA:66,4,0,1
BRDA:67,5,0,0
BRDA:68,6,0,1
BRDA:68,7,0,0
BRDA:69,8,0,1
BRDA:69,9,0,1
BRDA:70,10,0,1
BRDA:70,11,0,0
BRDA:70,12,0,0
BRDA:71,13,0,1
BRDA:74,14,0,0
BRDA:86,15,0,0
BRDA:86,16,0,0
BRDA:89,17,0,0
BRDA:92,18,0,0
BRDA:96,19,0,0
BRDA:97,20,0,1
BRDA:98,21,0,1
BRDA:99,22,0,1
BRDA:111,23,0,0
BRDA:114,24,0,1
BRDA:114,25,0,1
BRDA:118,26,0,0
BRDA:121,27,0,1
BRDA:121,28,0,1
BRDA:129,29,0,1
BRDA:129,30,0,1
BRDA:132,31,0,0
BRF:32
BRH:17
DA:1,1
DA:2,1
DA:3,1
DA:4,1
DA:5,1
DA:6,1
DA:7,1
DA:8,1
DA:9,1
DA:10,1
DA:11,1
DA:12,1
DA:13,1
DA:14,1
DA:15,1
DA:16,1
DA:17,1
DA:18,1
DA:19,1
DA:20,1
DA:21,1
DA:22,1
DA:23,1
DA:24,1
DA:25,1
DA:26,2
DA:27,2
DA:28,2
DA:29,2
DA:30,2
DA:31,2
DA:32,2
DA:33,2
DA:34,2
DA:35,2
DA:36,2
DA:37,2
DA:38,2
DA:39,2
DA:40,2
DA:41,0
DA:42,0
DA:43,2
DA:44,2
DA:45,0
DA:46,0
DA:47,0
DA:48,0
DA:49,0
DA:50,2
DA:51,2
DA:52,2
DA:53,2
DA:54,2
DA:55,2
DA:56,2
DA:57,2
DA:58,2
DA:59,2
DA:60,2
DA:61,2
DA:62,2
DA:63,2
DA:64,2
DA:65,2
DA:66,2
DA:67,2
DA:68,2
DA:69,2
DA:70,2
DA:71,2
DA:72,1
DA:73,1
DA:74,1
DA:75,0
DA:76,0
DA:77,0
DA:78,1
DA:79,1
DA:80,1
DA:81,1
DA:82,1
DA:83,2
DA:84,2
DA:85,2
DA:86,2
DA:87,2
DA:88,2
DA:89,2
DA:90,2
DA:91,2
DA:92,2
DA:93,2
DA:94,2
DA:95,2
DA:96,2
DA:97,2
DA:98,2
DA:99,2
DA:100,2
DA:101,2
DA:102,2
DA:103,2
DA:104,2
DA:105,2
DA:106,2
DA:107,2
DA:108,2
DA:109,2
DA:110,2
DA:111,2
DA:112,2
DA:113,2
DA:114,2
DA:115,2
DA:116,2
DA:117,2
DA:118,2
DA:119,2
DA:120,2
DA:121,2
DA:122,2
DA:123,2
DA:124,2
DA:125,2
DA:126,2
DA:127,2
DA:128,2
DA:129,2
DA:130,2
DA:131,2
DA:132,2
DA:133,0
DA:134,0
DA:135,0
DA:136,0
DA:137,0
DA:138,0
DA:139,2
LH:123
LF:139
end_of_record
SF:functions/api/vision-proof.js
FN:12,clampConfidence
FN:20,sanitizeMatches
FN:23,anonymous_2
FN:37,sanitizeAttention
FN:41,anonymous_4
FN:44,anonymous_5
FN:51,anonymous_6
FN:67,sanitizeSymbolVerification
FN:77,anonymous_8
FN:93,anonymous_9
FN:111,getVisionBackend
FN:116,anonymous_11
FN:132,validateEvidence
FN:139,anonymous_13
FN:152,sanitizeOrientation
FN:161,sanitizeReasoning
FN:168,sanitizeVisualDetails
FN:174,anonymous_17
FN:177,anonymous_18
FN:180,sanitizeComponentScores
FN:188,sanitizeMergeSource
FN:194,analyzeEvidence
FN:197,anonymous_22
FN:203,anonymous_23
FN:223,onRequestPost
FN:253,onRequestGet
FNDA:8,clampConfidence
FNDA:4,sanitizeMatches
FNDA:4,anonymous_2
FNDA:4,sanitizeAttention
FNDA:0,anonymous_4
FNDA:0,anonymous_5
FNDA:0,anonymous_6
FNDA:4,sanitizeSymbolVerification
FNDA:0,anonymous_8
FNDA:0,anonymous_9
FNDA:4,getVisionBackend
FNDA:4,anonymous_11
FNDA:4,validateEvidence
FNDA:4,anonymous_13
FNDA:4,sanitizeOrientation
FNDA:4,sanitizeReasoning
FNDA:4,sanitizeVisualDetails
FNDA:12,anonymous_17
FNDA:12,anonymous_18
FNDA:4,sanitizeComponentScores
FNDA:4,sanitizeMergeSource
FNDA:4,analyzeEvidence
FNDA:4,anonymous_22
FNDA:4,anonymous_23
FNDA:4,onRequestPost
FNDA:0,onRequestGet
FNF:26
FNH:20
BRDA:1,0,0,1
BRDA:12,1,0,8
BRDA:13,2,0,0
BRDA:14,3,0,0
BRDA:15,4,0,0
BRDA:16,5,0,0
BRDA:20,6,0,4
BRDA:21,7,0,0
BRDA:23,8,0,4
BRDA:24,9,0,0
BRDA:25,10,0,0
BRDA:26,11,0,0
BRDA:30,12,0,0
BRDA:37,13,0,4
BRDA:38,14,0,0
BRDA:38,15,0,0
BRDA:41,16,0,0
BRDA:42,17,0,0
BRDA:44,18,0,0
BRDA:49,19,0,0
BRDA:51,20,0,0
BRDA:57,21,0,0
BRDA:63,22,0,0
BRDA:67,23,0,4
BRDA:68,24,0,0
BRDA:70,25,0,0
BRDA:74,26,0,0
BRDA:77,27,0,0
BRDA:86,28,0,0
BRDA:89,29,0,0
BRDA:90,30,0,0
BRDA:93,31,0,0
BRDA:99,32,0,0
BRDA:102,33,0,0
BRDA:103,34,0,0
BRDA:111,35,0,4
BRDA:113,36,0,0
BRDA:116,37,0,4
BRDA:132,38,0,4
BRDA:133,39,0,0
BRDA:136,40,0,0
BRDA:139,41,0,4
BRDA:140,42,0,0
BRDA:142,43,0,0
BRDA:145,44,0,0
BRDA:152,45,0,4
BRDA:153,46,0,0
BRDA:155,47,0,0
BRDA:156,48,0,0
BRDA:161,49,0,4
BRDA:162,50,0,0
BRDA:164,51,0,0
BRDA:168,52,0,4
BRDA:169,53,0,0
BRDA:172,54,0,0
BRDA:177,55,0,0
BRDA:174,56,0,12
BRDA:174,57,0,0
BRDA:177,58,0,12
BRDA:180,59,0,4
BRDA:181,60,0,0
BRDA:181,61,0,0
BRDA:184,62,0,0
BRDA:188,63,0,4
BRDA:189,64,0,0
BRDA:191,65,0,0
BRDA:194,66,0,4
BRDA:197,67,0,4
BRDA:203,68,0,4
BRDA:204,69,0,0
BRDA:206,70,0,0
BRDA:208,71,0,0
BRDA:208,72,0,0
BRDA:209,73,0,0
BRDA:223,74,0,4
BRDA:226,75,0,0
BRDA:227,76,0,3
BRDA:227,77,0,1
BRDA:228,78,0,1
BRDA:228,79,0,0
BRDA:234,80,0,0
BRDA:246,81,0,0
BRF:82
BRH:24
DA:1,1
DA:2,1
DA:3,1
DA:4,1
DA:5,1
DA:6,1
DA:7,1
DA:8,1
DA:9,1
DA:10,1
DA:11,1
DA:12,8
DA:13,8
DA:14,8
DA:15,8
DA:16,8
DA:17,8
DA:18,8
DA:19,1
DA:20,4
DA:21,4
DA:22,4
DA:23,4
DA:24,4
DA:25,4
DA:26,4
DA:27,4
DA:28,4
DA:29,4
DA:30,4
DA:31,4
DA:32,4
DA:33,4
DA:34,4
DA:35,4
DA:36,1
DA:37,4
DA:38,4
DA:39,4
DA:40,4
DA:41,4
DA:42,4
DA:43,4
DA:44,4
DA:45,0
DA:46,0
DA:47,0
DA:48,0
DA:49,4
DA:50,4
DA:51,4
DA:52,0
DA:53,0
DA:54,0
DA:55,0
DA:56,0
DA:57,4
DA:58,4
DA:59,4
DA:60,4
DA:61,4
DA:62,4
DA:63,4
DA:64,4
DA:65,4
DA:66,1
DA:67,4
DA:68,4
DA:69,4
DA:70,4
DA:71,0
DA:72,0
DA:73,0
DA:74,4
DA:75,4
DA:76,4
DA:77,4
DA:78,0
DA:79,0
DA:80,0
DA:81,0
DA:82,0
DA:83,0
DA:84,0
DA:85,0
DA:86,4
DA:87,4
DA:88,4
DA:89,4
DA:90,4
DA:91,4
DA:92,4
DA:93,4
DA:94,0
DA:95,0
DA:96,0
DA:97,0
DA:98,0
DA:99,4
DA:100,4
DA:101,4
DA:102,4
DA:103,4
DA:104,4
DA:105,4
DA:106,4
DA:107,4
DA:108,4
DA:109,4
DA:110,1
DA:111,4
DA:112,4
DA:113,4
DA:114,0
DA:115,0
DA:116,4
DA:117,4
DA:118,4
DA:119,4
DA:120,4
DA:121,4
DA:122,4
DA:123,4
DA:124,4
DA:125,4
DA:126,4
DA:127,4
DA:128,4
DA:129,4
DA:130,4
DA:131,1
DA:132,4
DA:133,4
DA:134,0
DA:135,0
DA:136,4
DA:137,0
DA:138,0
DA:139,4
DA:140,4
DA:141,4
DA:142,4
DA:143,0
DA:144,0
DA:145,4
DA:146,0
DA:147,0
DA:148,4
DA:149,4
DA:150,4
DA:151,1
DA:152,4
DA:153,4
DA:154,4
DA:155,4
DA:156,4
DA:157,0
DA:158,0
DA:159,4
DA:160,1
DA:161,4
DA:162,4
DA:163,4
DA:164,4
DA:165,4
DA:166,4
DA:167,1
DA:168,4
DA:169,4
DA:170,4
DA:171,4
DA:172,4
DA:173,4
DA:174,4
DA:175,4
DA:176,4
DA:177,4
DA:178,4
DA:179,1
DA:180,4
DA:181,4
DA:182,0
DA:183,0
DA:184,4
DA:185,0
DA:186,4
DA:187,1
DA:188,4
DA:189,4
DA:190,0
DA:191,4
DA:192,4
DA:193,1
DA:194,4
DA:195,4
DA:196,4
DA:197,4
DA:198,4
DA:199,4
DA:200,4
DA:201,4
DA:202,4
DA:203,4
DA:204,4
DA:205,4
DA:206,4
DA:207,4
DA:208,4
DA:209,4
DA:210,4
DA:211,4
DA:212,4
DA:213,4
DA:214,4
DA:215,4
DA:216,4
DA:217,4
DA:218,4
DA:219,4
DA:220,4
DA:221,4
DA:222,1
DA:223,1
DA:224,4
DA:225,4
DA:226,4
DA:227,4
DA:228,4
DA:229,4
DA:230,4
DA:231,4
DA:232,4
DA:233,4
DA:234,4
DA:235,4
DA:236,4
DA:237,4
DA:238,4
DA:239,4
DA:240,4
DA:241,4
DA:242,4
DA:243,4
DA:244,4
DA:245,4
DA:246,4
DA:247,0
DA:248,0
DA:249,0
DA:250,0
DA:251,4
DA:252,1
DA:253,1
DA:254,0
DA:255,0
LH:208
LF:255
end_of_record
SF:functions/api/webhooks/stripe.js
FN:61,verifyStripeSignature
FN:73,anonymous_1
FN:77,anonymous_2
FN:78,anonymous_3
FN:107,anonymous_4
FN:112,anonymous_5
FN:120,resolveUserFromSubscription
FN:187,updateUserSubscription
FN:225,handleSubscriptionCanceled
FN:250,getUserByCustomerId
FN:261,sendPaymentFailureEmail
FN:339,onRequestPost
FN:494,onRequestGet
FNDA:1,verifyStripeSignature
FNDA:1,anonymous_1
FNDA:2,anonymous_2
FNDA:1,anonymous_3
FNDA:32,anonymous_4
FNDA:1,anonymous_5
FNDA:3,resolveUserFromSubscription
FNDA:3,updateUserSubscription
FNDA:0,handleSubscriptionCanceled
FNDA:0,getUserByCustomerId
FNDA:0,sendPaymentFailureEmail
FNDA:5,onRequestPost
FNDA:0,onRequestGet
FNF:13
FNH:9
BRDA:1,0,0,1
BRDA:61,1,0,1
BRDA:62,2,0,0
BRDA:67,3,0,0
BRDA:80,4,0,0
BRDA:86,5,0,0
BRDA:73,6,0,1
BRDA:77,7,0,2
BRDA:78,8,0,1
BRDA:107,9,0,32
BRDA:112,10,0,1
BRDA:120,11,0,3
BRDA:126,12,0,2
BRDA:128,13,0,1
BRDA:132,14,0,1
BRDA:133,15,0,0
BRDA:135,16,0,0
BRDA:138,17,0,1
BRDA:145,18,0,0
BRDA:148,19,0,1
BRDA:150,20,0,0
BRDA:150,21,0,0
BRDA:153,22,0,1
BRDA:161,23,0,0
BRDA:177,24,0,1
BRDA:187,25,0,3
BRDA:189,26,0,2
BRDA:195,27,0,0
BRDA:199,28,0,2
BRDA:199,29,0,0
BRDA:214,30,0,0
BRDA:339,31,0,5
BRDA:354,32,0,1
BRDA:363,33,0,4
BRDA:365,34,0,0
BRDA:374,35,0,4
BRDA:390,36,0,1
BRDA:397,37,0,3
BRDA:399,38,0,0
BRDA:403,39,0,3
BRDA:407,40,0,0
BRDA:408,41,0,3
BRDA:412,42,0,0
BRDA:418,43,0,0
BRDA:428,44,0,0
BRDA:435,45,0,0
BRDA:447,46,0,0
BRDA:454,47,0,0
BRDA:456,48,0,3
BRDA:466,49,0,0
BRF:50
BRH:27
DA:1,1
DA:2,1
DA:3,1
DA:4,1
DA:5,1
DA:6,1
DA:7,1
DA:8,1
DA:9,1
DA:10,1
DA:11,1
DA:12,1
DA:13,1
DA:14,1
DA:15,1
DA:16,1
DA:17,1
DA:18,1
DA:19,1
DA:20,1
DA:21,1
DA:22,1
DA:23,1
DA:24,1
DA:25,1
DA:26,1
DA:27,1
DA:28,1
DA:29,1
DA:30,1
DA:31,1
DA:32,1
DA:33,1
DA:34,1
DA:35,1
DA:36,1
DA:37,1
DA:38,1
DA:39,1
DA:40,1
DA:41,1
DA:42,1
DA:43,1
DA:44,1
DA:45,1
DA:46,1
DA:47,1
DA:48,1
DA:49,1
DA:50,1
DA:51,1
DA:52,1
DA:53,1
DA:54,1
DA:55,1
DA:56,1
DA:57,1
DA:58,1
DA:59,1
DA:60,1
DA:61,1
DA:62,1
DA:63,0
DA:64,0
DA:65,1
DA:66,1
DA:67,1
DA:68,0
DA:69,0
DA:70,0
DA:71,1
DA:72,1
DA:73,1
DA:74,1
DA:75,1
DA:76,1
DA:77,1
DA:78,1
DA:79,1
DA:80,1
DA:81,0
DA:82,0
DA:83,1
DA:84,1
DA:85,1
DA:86,1
DA:87,0
DA:88,0
DA:89,0
DA:90,1
DA:91,1
DA:92,1
DA:93,1
DA:94,1
DA:95,1
DA:96,1
DA:97,1
DA:98,1
DA:99,1
DA:100,1
DA:101,1
DA:102,1
DA:103,1
DA:104,1
DA:105,1
DA:106,1
DA:107,1
DA:108,1
DA:109,1
DA:110,1
DA:111,1
DA:112,1
DA:113,1
DA:114,1
DA:115,1
DA:116,1
DA:117,1
DA:118,1
DA:119,1
DA:120,3
DA:121,3
DA:122,3
DA:123,3
DA:124,3
DA:125,3
DA:126,3
DA:127,2
DA:128,2
DA:129,1
DA:130,3
DA:131,3
DA:132,3
DA:133,3
DA:134,3
DA:135,3
DA:136,0
DA:137,0
DA:138,0
DA:139,1
DA:140,1
DA:141,1
DA:142,1
DA:143,1
DA:144,1
DA:145,3
DA:146,0
DA:147,0
DA:148,0
DA:149,1
DA:150,3
DA:151,0
DA:152,0
DA:153,0
DA:154,1
DA:155,1
DA:156,1
DA:157,1
[...]
DA:1042,15
DA:1043,15
DA:1044,15
DA:1045,15
DA:1046,15
DA:1047,15
DA:1048,15
DA:1049,15
DA:1050,15
DA:1051,15
DA:1052,15
DA:1053,15
DA:1054,15
DA:1055,15
DA:1056,15
DA:1057,16
DA:1058,16
DA:1059,17
DA:1060,15
DA:1061,15
DA:1062,15
DA:1063,15
DA:1064,15
DA:1065,16
DA:1066,16
DA:1067,17
DA:1068,15
DA:1069,15
DA:1070,15
DA:1071,15
DA:1072,15
DA:1073,15
DA:1074,15
DA:1075,30
DA:1076,30
DA:1077,15
DA:1078,15
DA:1079,15
DA:1080,16
DA:1081,16
DA:1082,17
DA:1083,4
DA:1084,4
DA:1085,4
DA:1086,4
DA:1087,4
DA:1088,4
DA:1089,4
DA:1090,4
DA:1091,4
DA:1092,3
DA:1093,2
DA:1094,2
DA:1095,2
DA:1096,2
DA:1097,2
DA:1098,2
DA:1099,2
DA:1100,3
DA:1101,4
DA:1102,4
DA:1103,4
DA:1104,4
DA:1105,4
DA:1106,4
DA:1107,4
DA:1108,4
DA:1109,4
DA:1110,4
DA:1111,0
DA:1112,0
DA:1113,0
DA:1114,0
DA:1115,0
DA:1116,0
DA:1117,0
DA:1118,0
DA:1119,0
DA:1120,0
DA:1121,0
DA:1122,0
DA:1123,0
DA:1124,0
DA:1125,0
DA:1126,4
DA:1127,4
DA:1128,0
DA:1129,0
DA:1130,0
DA:1131,0
DA:1132,0
DA:1133,0
DA:1134,0
DA:1135,0
DA:1136,0
DA:1137,0
DA:1138,0
DA:1139,0
DA:1140,0
DA:1141,0
DA:1142,0
DA:1143,0
DA:1144,0
DA:1145,0
DA:1146,0
DA:1147,0
DA:1148,0
DA:1149,0
DA:1150,0
DA:1151,0
DA:1152,0
DA:1153,0
DA:1154,0
DA:1155,0
DA:1156,4
DA:1157,4
DA:1158,4
DA:1159,4
DA:1160,4
DA:1161,4
DA:1162,4
DA:1163,4
DA:1164,4
DA:1165,4
DA:1166,0
DA:1167,0
DA:1168,0
DA:1169,0
DA:1170,0
DA:1171,0
DA:1172,0
DA:1173,0
DA:1174,0
DA:1175,0
DA:1176,0
DA:1177,0
DA:1178,0
DA:1179,0
DA:1180,0
DA:1181,0
DA:1182,0
DA:1183,0
DA:1184,0
DA:1185,0
DA:1186,0
DA:1187,0
DA:1188,0
DA:1189,0
DA:1190,0
DA:1191,0
DA:1192,0
DA:1193,0
DA:1194,0
DA:1195,0
DA:1196,0
DA:1197,0
DA:1198,0
DA:1199,0
DA:1200,0
DA:1201,0
DA:1202,0
DA:1203,0
DA:1204,0
DA:1205,0
DA:1206,0
DA:1207,0
DA:1208,0
DA:1209,0
DA:1210,0
DA:1211,0
DA:1212,0
DA:1213,0
DA:1214,0
DA:1215,0
DA:1216,0
DA:1217,0
DA:1218,0
DA:1219,0
DA:1220,0
DA:1221,0
DA:1222,0
DA:1223,0
DA:1224,0
DA:1225,0
DA:1226,0
DA:1227,0
DA:1228,0
DA:1229,0
DA:1230,0
DA:1231,0
DA:1232,0
DA:1233,0
DA:1234,0
DA:1235,0
DA:1236,0
DA:1237,0
DA:1238,0
DA:1239,0
DA:1240,0
DA:1241,0
DA:1242,0
DA:1243,0
DA:1244,0
DA:1245,0
DA:1246,0
DA:1247,0
DA:1248,0
DA:1249,0
DA:1250,0
DA:1251,0
DA:1252,0
DA:1253,4
DA:1254,0
DA:1255,0
DA:1256,0
DA:1257,0
DA:1258,0
DA:1259,0
DA:1260,0
DA:1261,0
DA:1262,0
DA:1263,0
DA:1264,4
DA:1265,4
DA:1266,0
DA:1267,0
DA:1268,0
DA:1269,0
DA:1270,0
DA:1271,0
DA:1272,0
DA:1273,0
DA:1274,0
DA:1275,0
DA:1276,0
DA:1277,0
DA:1278,0
DA:1279,0
DA:1280,0
DA:1281,0
DA:1282,0
DA:1283,0
DA:1284,0
DA:1285,0
DA:1286,0
DA:1287,0
DA:1288,0
DA:1289,0
DA:1290,0
DA:1291,0
DA:1292,0
DA:1293,0
DA:1294,0
DA:1295,0
DA:1296,0
DA:1297,0
DA:1298,0
DA:1299,0
DA:1300,0
DA:1301,0
DA:1302,0
DA:1303,0
DA:1304,4
DA:1305,4
DA:1306,4
DA:1307,4
DA:1308,4
DA:1309,4
DA:1310,4
DA:1311,4
DA:1312,4
DA:1313,4
DA:1314,4
DA:1315,4
DA:1316,4
DA:1317,4
DA:1318,4
DA:1319,4
DA:1320,4
DA:1321,4
DA:1322,4
DA:1323,4
DA:1324,4
DA:1325,4
DA:1326,4
DA:1327,4
DA:1328,4
DA:1329,4
DA:1330,4
DA:1331,4
DA:1332,4
DA:1333,5
DA:1334,5
DA:1335,5
DA:1336,5
DA:1337,5
DA:1338,5
DA:1339,4
DA:1340,4
DA:1341,4
DA:1342,4
DA:1343,4
DA:1344,4
DA:1345,4
DA:1346,4
DA:1347,4
DA:1348,4
DA:1349,4
DA:1350,4
DA:1351,1
DA:1352,1
DA:1353,1
DA:1354,1
DA:1355,1
DA:1356,1
DA:1357,1
DA:1358,1
DA:1359,1
DA:1360,1
DA:1361,4
DA:1362,1
DA:1363,1
DA:1364,1
DA:1365,1
DA:1366,3
DA:1367,3
DA:1368,3
DA:1369,1
DA:1370,1
DA:1371,1
DA:1372,1
DA:1373,1
DA:1374,1
DA:1375,1
DA:1376,1
DA:1377,1
DA:1378,1
DA:1379,1
DA:1380,1
DA:1381,1
DA:1382,1
DA:1383,1
DA:1384,1
DA:1385,1
DA:1386,1
DA:1387,1
DA:1388,4
DA:1389,4
DA:1390,4
DA:1391,4
DA:1392,4
DA:1393,4
DA:1394,4
DA:1395,4
DA:1396,4
DA:1397,4
DA:1398,4
DA:1399,1
DA:1400,1
DA:1401,4
DA:1402,1
DA:1403,1
DA:1404,1
DA:1405,1
DA:1406,1
DA:1407,1
DA:1408,1
DA:1409,1
DA:1410,1
DA:1411,1
DA:1412,1
DA:1413,1
DA:1414,1
DA:1415,1
DA:1416,1
DA:1417,1
DA:1418,1
DA:1419,1
DA:1420,1
DA:1421,1
DA:1422,1
DA:1423,1
DA:1424,1
DA:1425,4
DA:1426,4
DA:1427,4
DA:1428,4
DA:1429,4
DA:1430,4
DA:1431,4
DA:1432,4
DA:1433,4
DA:1434,3
DA:1435,4
DA:1436,4
DA:1437,4
DA:1438,4
DA:1439,4
DA:1440,4
DA:1441,4
DA:1442,4
DA:1443,4
DA:1444,4
DA:1445,4
DA:1446,7
DA:1447,7
DA:1448,0
DA:1449,0
DA:1450,7
DA:1451,7
DA:1452,7
DA:1453,7
DA:1454,92
DA:1455,92
DA:1456,6
DA:1457,6
DA:1458,92
DA:1459,1
DA:1460,1
DA:1461,7
DA:1462,4
DA:1463,4
DA:1464,4
DA:1465,4
DA:1466,4
DA:1467,4
DA:1468,4
DA:1469,4
DA:1470,4
DA:1471,5
DA:1472,3
DA:1473,3
DA:1474,2
DA:1475,2
DA:1476,2
DA:1477,2
DA:1478,44
DA:1479,2
DA:1480,2
DA:1481,2
DA:1482,2
DA:1483,3
DA:1484,3
DA:1485,3
DA:1486,1
DA:1487,1
DA:1488,1
DA:1489,0
DA:1490,0
DA:1491,3
DA:1492,3
DA:1493,3
DA:1494,7
DA:1495,7
DA:1496,7
DA:1497,7
DA:1498,6
DA:1499,6
DA:1500,6
DA:1501,6
DA:1502,6
DA:1503,3
DA:1504,2
DA:1505,2
DA:1506,2
DA:1507,5
DA:1508,4
DA:1509,4
DA:1510,4
DA:1511,4
DA:1512,4
DA:1513,4
DA:1514,4
DA:1515,4
DA:1516,4
DA:1517,4
DA:1518,4
DA:1519,4
DA:1520,4
DA:1521,4
DA:1522,4
DA:1523,4
DA:1524,4
DA:1525,4
DA:1526,4
DA:1527,5
DA:1528,2
DA:1529,2
DA:1530,3
DA:1531,3
DA:1532,3
DA:1533,3
DA:1534,3
DA:1535,8
DA:1536,8
DA:1537,8
DA:1538,8
DA:1539,8
DA:1540,8
DA:1541,8
DA:1542,8
DA:1543,8
DA:1544,3
DA:1545,3
DA:1546,5
DA:1547,3
DA:1548,3
DA:1549,3
DA:1550,3
DA:1551,3
DA:1552,5
DA:1553,10
DA:1554,10
DA:1555,10
DA:1556,10
DA:1557,10
DA:1558,10
DA:1559,7
DA:1560,10
DA:1561,0
DA:1562,0
DA:1563,3
DA:1564,3
DA:1565,3
DA:1566,3
DA:1567,10
DA:1568,3
DA:1569,3
DA:1570,5
DA:1571,4
DA:1572,4
DA:1573,4
DA:1574,4
DA:1575,4
DA:1576,4
DA:1577,4
DA:1578,4
DA:1579,4
DA:1580,4
DA:1581,2
DA:1582,2
DA:1583,2
DA:1584,2
DA:1585,2
DA:1586,2
DA:1587,2
DA:1588,12
DA:1589,12
DA:1590,12
DA:1591,0
DA:1592,0
DA:1593,0
DA:1594,0
DA:1595,0
DA:1596,12
DA:1597,12
DA:1598,12
DA:1599,15
DA:1600,15
DA:1601,15
DA:1602,15
DA:1603,15
DA:1604,15
DA:1605,15
DA:1606,15
DA:1607,5
DA:1608,5
DA:1609,15
DA:1610,15
DA:1611,12
DA:1612,2
DA:1613,2
DA:1614,2
DA:1615,2
DA:1616,2
DA:1617,2
DA:1618,5
DA:1619,3
DA:1620,3
DA:1621,3
DA:1622,3
DA:1623,3
DA:1624,3
DA:1625,3
DA:1626,3
DA:1627,2
DA:1628,2
DA:1629,2
DA:1630,2
DA:1631,1
DA:1632,1
DA:1633,2
DA:1634,2
DA:1635,2
DA:1636,4
DA:1637,4
DA:1638,4
DA:1639,4
DA:1640,4
DA:1641,4
DA:1642,4
DA:1643,4
DA:1644,4
DA:1645,4
DA:1646,4
DA:1647,4
DA:1648,5
DA:1649,3
DA:1650,3
DA:1651,2
DA:1652,2
DA:1653,2
DA:1654,2
DA:1655,2
DA:1656,2
DA:1657,5
DA:1658,5
DA:1659,2
DA:1660,5
DA:1661,5
DA:1662,5
DA:1663,5
DA:1664,5
DA:1665,5
DA:1666,5
DA:1667,5
DA:1668,0
DA:1669,0
DA:1670,2
DA:1671,2
DA:1672,2
DA:1673,2
DA:1674,2
DA:1675,2
DA:1676,2
DA:1677,2
DA:1678,2
DA:1679,2
DA:1680,2
DA:1681,2
DA:1682,2
DA:1683,2
DA:1684,2
DA:1685,2
DA:1686,2
DA:1687,2
DA:1688,2
DA:1689,2
DA:1690,2
DA:1691,2
DA:1692,5
DA:1693,0
DA:1694,0
DA:1695,2
DA:1696,2
DA:1697,5
DA:1698,4
DA:1699,4
DA:1700,4
DA:1701,4
DA:1702,4
DA:1703,4
DA:1704,4
DA:1705,4
LH:1299
LF:1705
end_of_record
SF:src/lib/questionQuality.js
FN:52,scoreQuestion
FN:71,anonymous_1
FN:72,anonymous_2
FN:76,anonymous_3
FN:79,anonymous_4
FN:85,anonymous_5
FN:90,anonymous_6
FN:177,getQualityLevel
FN:212,suggestImprovement
FNDA:4,scoreQuestion
FNDA:7,anonymous_1
FNDA:12,anonymous_2
FNDA:44,anonymous_3
FNDA:47,anonymous_4
FNDA:34,anonymous_5
FNDA:53,anonymous_6
FNDA:1,getQualityLevel
FNDA:0,suggestImprovement
FNF:9
FNH:8
BRDA:1,0,0,1
BRDA:52,1,0,4
BRDA:53,2,0,0
BRDA:73,3,0,3
BRDA:82,4,0,3
BRDA:93,5,0,2
BRDA:94,6,0,3
BRDA:107,7,0,3
BRDA:107,8,0,2
BRDA:107,9,0,1
BRDA:108,10,0,1
BRDA:108,11,0,0
BRDA:111,12,0,3
BRDA:112,13,0,1
BRDA:115,14,0,2
BRDA:116,15,0,2
BRDA:116,16,0,1
BRDA:116,17,0,1
BRDA:118,18,0,2
BRDA:118,19,0,2
BRDA:120,20,0,1
BRDA:120,21,0,3
BRDA:123,22,0,3
BRDA:123,23,0,1
BRDA:133,24,0,1
BRDA:136,25,0,1
BRDA:139,26,0,1
BRDA:139,27,0,0
BRDA:142,28,0,3
BRDA:142,29,0,1
BRDA:145,30,0,1
BRDA:148,31,0,1
BRDA:148,32,0,1
BRDA:151,33,0,1
BRDA:151,34,0,0
BRDA:154,35,0,2
BRDA:71,36,0,7
BRDA:72,37,0,12
BRDA:76,38,0,44
BRDA:79,39,0,47
BRDA:85,40,0,34
BRDA:90,41,0,53
BRDA:177,42,0,1
BRDA:184,43,0,0
BRF:44
BRH:39
DA:1,1
DA:2,1
DA:3,1
DA:4,1
DA:5,1
DA:6,1
DA:7,1
DA:8,1
DA:9,1
DA:10,1
DA:11,1
DA:12,1
DA:13,1
DA:14,1
DA:15,1
DA:16,1
DA:17,1
DA:18,1
DA:19,1
DA:20,1
DA:21,1
DA:22,1
DA:23,1
DA:24,1
DA:25,1
DA:26,1
DA:27,1
DA:28,1
DA:29,1
DA:30,1
DA:31,1
DA:32,1
DA:33,1
DA:34,1
DA:35,1
DA:36,1
DA:37,1
DA:38,1
DA:39,1
DA:40,1
DA:41,1
DA:42,1
DA:43,1
DA:44,1
DA:45,1
DA:46,1
DA:47,1
DA:48,1
DA:49,1
DA:50,1
DA:51,1
DA:52,1
DA:53,4
DA:54,0
DA:55,0
DA:56,0
DA:57,0
DA:58,0
DA:59,0
DA:60,0
DA:61,0
DA:62,0
DA:63,0
DA:64,0
DA:65,0
DA:66,4
DA:67,4
DA:68,4
DA:69,4
DA:70,4
DA:71,4
DA:72,4
DA:73,4
DA:74,4
DA:75,4
DA:76,4
DA:77,44
DA:78,4
DA:79,4
DA:80,47
DA:81,4
DA:82,4
DA:83,4
DA:84,4
DA:85,4
DA:86,34
DA:87,4
DA:88,4
DA:89,4
DA:90,4
DA:91,4
DA:92,4
DA:93,4
DA:94,4
DA:95,4
DA:96,4
DA:97,4
DA:98,4
DA:99,4
DA:100,4
DA:101,4
DA:102,4
DA:103,4
DA:104,4
DA:105,4
DA:106,4
DA:107,4
DA:108,4
DA:109,4
DA:110,4
DA:111,4
DA:112,4
DA:113,4
DA:114,4
DA:115,4
DA:116,4
DA:117,4
DA:118,4
DA:119,4
DA:120,4
DA:121,4
DA:122,4
DA:123,4
DA:124,4
DA:125,4
DA:126,4
DA:127,4
DA:128,4
DA:129,4
DA:130,4
DA:131,4
DA:132,4
DA:133,4
DA:134,1
DA:135,1
DA:136,4
DA:137,1
DA:138,1
DA:139,4
DA:140,0
DA:141,0
DA:142,4
DA:143,1
DA:144,1
DA:145,4
DA:146,1
DA:147,1
DA:148,4
DA:149,1
DA:150,1
DA:151,4
DA:152,0
DA:153,0
DA:154,4
DA:155,2
DA:156,2
DA:157,4
DA:158,4
DA:159,4
DA:160,4
DA:161,4
DA:162,4
DA:163,4
DA:164,4
DA:165,4
DA:166,4
DA:167,4
DA:168,4
DA:169,4
DA:170,4
DA:171,1
DA:172,1
DA:173,1
DA:174,1
DA:175,1
DA:176,1
DA:177,1
DA:178,1
DA:179,1
DA:180,1
DA:181,1
DA:182,1
DA:183,1
DA:184,1
DA:185,0
DA:186,0
DA:187,0
DA:188,0
DA:189,0
DA:190,0
DA:191,0
DA:192,0
DA:193,0
DA:194,0
DA:195,0
DA:196,0
DA:197,0
DA:198,0
DA:199,0
DA:200,0
DA:201,0
DA:202,0
DA:203,0
DA:204,1
DA:205,1
DA:206,1
DA:207,1
DA:208,1
DA:209,1
DA:210,1
DA:211,1
DA:212,1
DA:213,0
DA:214,0
DA:215,0
DA:216,0
DA:217,0
DA:218,0
DA:219,0
DA:220,0
DA:221,0
DA:222,0
DA:223,0
DA:224,0
DA:225,0
DA:226,0
DA:227,0
DA:228,0
DA:229,0
DA:230,0
LH:177
LF:230
end_of_record
SF:src/lib/safeStorage.js
FN:21,get isAvailable
FN:31,getItem
FN:41,setItem
FN:50,removeItem
FN:67,computeFilterHash
FN:89,buildSeasonKey
FN:118,getCachedNarrative
FN:153,setCachedNarrative
FN:185,invalidateNarrativeCache
FN:216,clearAllNarrativeCaches
FN:71,anonymous_10
FNDA:0,get isAvailable
FNDA:0,getItem
FNDA:0,setItem
FNDA:0,removeItem
FNDA:7,computeFilterHash
FNDA:3,buildSeasonKey
FNDA:0,getCachedNarrative
FNDA:0,setCachedNarrative
FNDA:0,invalidateNarrativeCache
FNDA:0,clearAllNarrativeCaches
FNDA:12,anonymous_10
FNF:11
FNH:3
BRDA:1,0,0,4
BRDA:67,1,0,7
BRDA:68,2,0,6
BRDA:68,3,0,2
BRDA:70,4,0,5
BRDA:89,5,0,3
BRDA:98,6,0,1
BRDA:99,7,0,2
BRDA:101,8,0,0
BRDA:102,9,0,0
BRDA:103,10,0,2
BRDA:105,11,0,0
BRDA:107,12,0,1
BRDA:71,13,0,12
BRDA:71,14,0,0
BRF:15
BRH:11
DA:1,4
DA:2,4
DA:3,4
DA:4,4
DA:5,4
DA:6,4
DA:7,4
DA:8,4
DA:9,4
DA:10,4
DA:11,4
DA:12,4
DA:13,4
DA:14,4
DA:15,4
DA:16,4
DA:17,4
DA:18,4
DA:19,4
DA:20,4
DA:21,4
DA:22,0
DA:23,0
DA:24,0
DA:25,0
DA:26,0
DA:27,0
DA:28,0
DA:29,4
DA:30,4
DA:31,4
DA:32,0
DA:33,0
DA:34,0
DA:35,0
DA:36,0
DA:37,0
DA:38,0
DA:39,4
DA:40,4
DA:41,4
DA:42,0
DA:43,0
DA:44,0
DA:45,0
DA:46,0
DA:47,0
DA:48,4
DA:49,4
DA:50,4
DA:51,0
DA:52,0
DA:53,0
DA:54,0
DA:55,0
DA:56,0
DA:57,4
DA:58,4
DA:59,4
DA:60,4
DA:61,4
DA:62,4
DA:63,4
DA:64,4
DA:65,4
DA:66,4
DA:67,4
DA:68,7
DA:69,2
DA:70,2
DA:71,5
DA:72,5
DA:73,7
DA:74,4
DA:75,4
DA:76,4
DA:77,4
DA:78,4
DA:79,4
DA:80,4
DA:81,4
DA:82,4
DA:83,4
DA:84,4
DA:85,4
DA:86,4
DA:87,4
DA:88,4
DA:89,4
DA:90,3
DA:91,3
DA:92,3
DA:93,3
DA:94,3
DA:95,3
DA:96,3
DA:97,3
DA:98,3
DA:99,3
DA:100,3
DA:101,3
DA:102,3
DA:103,3
DA:104,2
DA:105,3
DA:106,3
DA:107,3
DA:108,3
DA:109,4
DA:110,4
DA:111,4
DA:112,4
DA:113,4
DA:114,4
DA:115,4
DA:116,4
DA:117,4
DA:118,4
DA:119,0
DA:120,0
DA:121,0
DA:122,0
DA:123,0
DA:124,0
DA:125,0
DA:126,0
DA:127,0
DA:128,0
DA:129,0
DA:130,0
DA:131,0
DA:132,0
DA:133,0
DA:134,0
DA:135,0
DA:136,0
DA:137,0
DA:138,0
DA:139,0
DA:140,0
DA:141,0
DA:142,0
DA:143,0
DA:144,4
DA:145,4
DA:146,4
DA:147,4
DA:148,4
DA:149,4
DA:150,4
DA:151,4
DA:152,4
DA:153,4
DA:154,0
DA:155,0
DA:156,0
DA:157,0
DA:158,0
DA:159,0
DA:160,0
DA:161,0
DA:162,0
DA:163,0
DA:164,0
DA:165,0
DA:166,0
DA:167,0
DA:168,0
DA:169,0
DA:170,0
DA:171,0
DA:172,0
DA:173,0
DA:174,0
DA:175,0
DA:176,0
DA:177,0
DA:178,4
DA:179,4
DA:180,4
DA:181,4
DA:182,4
DA:183,4
DA:184,4
DA:185,4
DA:186,0
DA:187,0
DA:188,0
DA:189,0
DA:190,0
DA:191,0
DA:192,0
DA:193,0
DA:194,0
DA:195,0
DA:196,0
DA:197,0
DA:198,0
DA:199,0
DA:200,0
DA:201,0
DA:202,0
DA:203,0
DA:204,0
DA:205,0
DA:206,0
DA:207,0
DA:208,0
DA:209,0
DA:210,0
DA:211,4
DA:212,4
DA:213,4
DA:214,4
DA:215,4
DA:216,4
DA:217,0
DA:218,0
DA:219,0
LH:116
LF:219
end_of_record
SF:src/lib/symbolElementBridge.js
FN:23,getElementForSymbolFamily
FN:34,getDominantEntry
FN:35,anonymous_2
FN:36,anonymous_3
FN:38,anonymous_4
FN:45,collectSymbols
FN:48,anonymous_6
FN:51,anonymous_7
FN:62,uniqueList
FN:65,anonymous_9
FN:73,buildSymbolElementCue
FN:92,anonymous_11
FN:93,anonymous_12
FN:110,getSymbolFollowUpPrompt
FN:122,anonymous_14
FN:128,anonymous_15
FN:133,anonymous_16
FN:144,enrichSymbolWithElement
FN:156,getEnrichedSymbols
FN:167,symbolMatchesDominantElement
FNDA:46,getElementForSymbolFamily
FNDA:28,getDominantEntry
FNDA:48,anonymous_2
FNDA:48,anonymous_3
FNDA:36,anonymous_4
FNDA:33,collectSymbols
FNDA:51,anonymous_6
FNDA:126,anonymous_7
FNDA:1,uniqueList
FNDA:1,anonymous_9
FNDA:1,buildSymbolElementCue
FNDA:3,anonymous_11
FNDA:1,anonymous_12
FNDA:32,getSymbolFollowUpPrompt
FNDA:72,anonymous_14
FNDA:63,anonymous_15
FNDA:51,anonymous_16
FNDA:1,enrichSymbolWithElement
FNDA:0,getEnrichedSymbols
FNDA:2,symbolMatchesDominantElement
FNF:20
FNH:19
BRDA:1,0,0,2
BRDA:23,1,0,22
BRDA:24,2,0,2
BRDA:24,3,0,20
BRDA:26,4,0,46
BRDA:27,5,0,19
BRDA:30,6,0,1
BRDA:34,7,0,28
BRDA:37,8,0,16
BRDA:37,9,0,12
BRDA:39,10,0,12
BRDA:39,11,0,12
BRDA:41,12,0,12
BRDA:38,13,0,0
BRDA:39,14,0,0
BRDA:41,15,0,0
BRDA:41,16,0,0
BRDA:35,17,0,48
BRDA:36,18,0,48
BRDA:38,19,0,36
BRDA:45,20,0,33
BRDA:47,21,0,0
BRDA:48,22,0,51
BRDA:50,23,0,45
BRDA:50,24,0,9
BRDA:50,25,0,39
BRDA:51,26,0,126
BRDA:52,27,0,0
BRDA:62,28,0,1
BRDA:65,29,0,1
BRDA:66,30,0,0
BRDA:73,31,0,1
BRDA:74,32,0,0
BRDA:79,33,0,0
BRDA:79,34,0,0
BRDA:82,35,0,0
BRDA:82,36,0,0
BRDA:83,37,0,0
BRDA:83,38,0,0
BRDA:86,39,0,0
BRDA:89,40,0,0
BRDA:96,41,0,0
BRDA:92,42,0,3
BRDA:93,43,0,1
BRDA:110,44,0,32
BRDA:112,45,0,20
BRDA:112,46,0,11
BRDA:114,47,0,0
BRDA:115,48,0,11
BRDA:115,49,0,0
BRDA:117,50,0,4
BRDA:117,51,0,7
BRDA:118,52,0,3
BRDA:118,53,0,0
BRDA:118,54,0,8
BRDA:122,55,0,5
BRDA:123,56,0,6
BRDA:125,57,0,1
BRDA:125,58,0,10
BRDA:133,59,0,0
BRDA:134,60,0,0
BRDA:134,61,0,10
BRDA:122,62,0,72
BRDA:128,63,0,63
BRDA:130,64,0,1
BRDA:133,65,0,51
BRDA:144,66,0,1
BRDA:145,67,0,0
BRDA:146,68,0,0
BRDA:167,69,0,2
BRDA:168,70,0,0
BRDA:170,71,0,0
BRDA:171,72,0,0
BRF:73
BRH:46
DA:1,2
DA:2,2
DA:3,2
DA:4,2
DA:5,2
DA:6,2
DA:7,2
DA:8,2
DA:9,2
DA:10,2
DA:11,2
DA:12,2
DA:13,2
DA:14,2
DA:15,2
DA:16,2
DA:17,2
DA:18,2
DA:19,2
DA:20,2
DA:21,2
DA:22,2
DA:23,2
DA:24,22
DA:25,20
DA:26,22
DA:27,46
DA:28,19
DA:29,19
DA:30,46
DA:31,1
DA:32,22
DA:33,2
DA:34,28
DA:35,28
DA:36,28
DA:37,28
DA:38,28
DA:39,28
DA:40,12
DA:41,28
DA:42,12
DA:43,28
DA:44,2
DA:45,33
DA:46,33
DA:47,33
DA:48,33
DA:49,51
DA:50,51
DA:51,39
DA:52,126
DA:53,126
DA:54,126
DA:55,126
DA:56,126
DA:57,39
DA:58,33
DA:59,33
DA:60,33
DA:61,2
DA:62,1
DA:63,1
DA:64,1
DA:65,1
DA:66,1
DA:67,1
DA:68,1
DA:69,1
DA:70,1
DA:71,1
DA:72,2
DA:73,2
DA:74,1
DA:75,1
DA:76,1
DA:77,1
DA:78,1
DA:79,1
DA:80,1
DA:81,1
DA:82,1
DA:83,1
DA:84,1
DA:85,1
DA:86,1
DA:87,1
DA:88,1
DA:89,1
DA:90,1
DA:91,1
DA:92,1
DA:93,1
DA:94,1
DA:95,1
DA:96,1
DA:97,1
DA:98,1
DA:99,1
DA:100,1
DA:101,1
DA:102,1
DA:103,1
DA:104,1
DA:105,1
DA:106,1
DA:107,1
DA:108,1
DA:109,2
DA:110,2
DA:111,32
DA:112,32
DA:113,11
DA:114,32
DA:115,32
DA:116,32
DA:117,32
DA:118,32
DA:119,32
DA:120,32
DA:121,32
DA:122,32
DA:123,32
DA:124,32
DA:125,32
DA:126,10
DA:127,10
DA:128,10
DA:129,63
DA:130,63
DA:131,10
DA:132,10
DA:133,32
DA:134,32
DA:135,10
DA:136,10
DA:137,32
DA:138,2
DA:139,2
DA:140,2
DA:141,2
DA:142,2
DA:143,2
DA:144,2
DA:145,1
DA:146,1
DA:147,1
DA:148,1
DA:149,1
DA:150,2
DA:151,2
DA:152,2
DA:153,2
DA:154,2
DA:155,2
DA:156,2
DA:157,0
DA:158,0
DA:159,0
DA:160,2
DA:161,2
DA:162,2
DA:163,2
DA:164,2
DA:165,2
DA:166,2
DA:167,2
DA:168,2
DA:169,2
DA:170,2
DA:171,2
DA:172,2
DA:173,2
DA:174,2
DA:175,2
DA:176,2
DA:177,2
LH:174
LF:177
end_of_record
SF:src/lib/themeText.js
FN:17,normalizeThemeLabel
FN:74,buildThemeQuestion
FNDA:4,normalizeThemeLabel
FNDA:2,buildThemeQuestion
FNF:2
FNH:2
BRDA:1,0,0,4
BRDA:17,1,0,4
BRDA:18,2,0,0
BRDA:24,3,0,0
BRDA:27,4,0,2
BRDA:30,5,0,0
BRDA:32,6,0,2
BRDA:35,7,0,0
BRDA:39,8,0,2
BRDA:42,9,0,0
BRDA:44,10,0,2
BRDA:45,11,0,0
BRDA:47,12,0,2
BRDA:50,13,0,0
BRDA:52,14,0,2
BRDA:55,15,0,0
BRDA:57,16,0,2
BRDA:60,17,0,0
BRDA:62,18,0,2
BRDA:74,19,0,2
BRDA:76,20,0,0
BRF:21
BRH:11
DA:1,4
DA:2,4
DA:3,4
DA:4,4
DA:5,4
DA:6,4
DA:7,4
DA:8,4
DA:9,4
DA:10,4
DA:11,4
DA:12,4
DA:13,4
DA:14,4
DA:15,4
DA:16,4
DA:17,4
DA:18,4
DA:19,4
DA:20,4
DA:21,4
DA:22,4
DA:23,4
DA:24,4
DA:25,0
DA:26,0
DA:27,4
DA:28,2
DA:29,2
DA:30,4
DA:31,0
DA:32,0
DA:33,2
DA:34,2
DA:35,4
DA:36,0
DA:37,0
DA:38,0
DA:39,0
DA:40,2
DA:41,2
DA:42,4
DA:43,0
DA:44,0
DA:45,4
DA:46,0
DA:47,0
DA:48,2
DA:49,2
DA:50,4
DA:51,0
DA:52,0
DA:53,2
DA:54,2
DA:55,4
DA:56,0
DA:57,0
DA:58,2
DA:59,2
DA:60,4
DA:61,0
DA:62,0
DA:63,2
DA:64,2
DA:65,2
DA:66,4
DA:67,4
DA:68,4
DA:69,4
DA:70,4
DA:71,4
DA:72,4
DA:73,4
DA:74,4
DA:75,2
DA:76,2
DA:77,2
DA:78,2
DA:79,4
LH:61
LF:79
end_of_record
SF:src/lib/utils.js
FN:22,djb2Hash
FN:38,generateId
FN:54,safeParse
FNDA:3332,djb2Hash
FNDA:0,generateId
FNDA:0,safeParse
FNF:3
FNH:1
BRDA:1,0,0,4
BRDA:22,1,0,178
BRDA:24,2,0,3332
BRF:3
BRH:3
DA:1,4
DA:2,4
DA:3,4
DA:4,4
DA:5,4
DA:6,4
DA:7,4
DA:8,4
DA:9,4
DA:10,4
DA:11,4
DA:12,4
DA:13,4
DA:14,4
DA:15,4
DA:16,4
DA:17,4
DA:18,4
DA:19,4
DA:20,4
DA:21,4
DA:22,4
DA:23,178
DA:24,178
DA:25,3332
DA:26,3332
DA:27,3332
DA:28,178
DA:29,178
DA:30,4
DA:31,4
DA:32,4
DA:33,4
DA:34,4
DA:35,4
DA:36,4
DA:37,4
DA:38,4
DA:39,0
DA:40,0
DA:41,0
DA:42,0
DA:43,0
DA:44,4
DA:45,4
DA:46,4
DA:47,4
DA:48,4
DA:49,4
DA:50,4
DA:51,4
DA:52,4
DA:53,4
DA:54,4
DA:55,0
DA:56,0
LH:49
LF:56
end_of_record
SF:src/pages/cardGallerySelectors.js
FN:14,pickStats
FN:38,computeGalleryLoading
FNDA:4,pickStats
FNDA:4,computeGalleryLoading
FNF:2
FNH:2
BRDA:1,0,0,1
BRDA:14,1,0,4
BRDA:15,2,0,1
BRDA:15,3,0,3
BRDA:16,4,0,0
BRDA:17,5,0,1
BRDA:17,6,0,2
BRDA:20,7,0,1
BRDA:20,8,0,1
BRDA:38,9,0,4
BRDA:45,10,0,1
BRDA:45,11,0,3
BRDA:46,12,0,1
BRDA:46,13,0,2
BRDA:48,14,0,1
BRDA:49,15,0,1
BRF:16
BRH:15
DA:1,1
DA:2,1
DA:3,1
DA:4,1
DA:5,1
DA:6,1
DA:7,1
DA:8,1
DA:9,1
DA:10,1
DA:11,1
DA:12,1
DA:13,1
DA:14,1
DA:15,4
DA:16,4
DA:17,4
DA:18,2
DA:19,4
DA:20,4
DA:21,4
DA:22,1
DA:23,1
DA:24,1
DA:25,1
DA:26,1
DA:27,1
DA:28,1
DA:29,1
DA:30,1
DA:31,1
DA:32,1
DA:33,1
DA:34,1
DA:35,1
DA:36,1
DA:37,1
DA:38,1
DA:39,4
DA:40,4
DA:41,4
DA:42,4
DA:43,4
DA:44,4
DA:45,4
DA:46,4
DA:47,2
DA:48,4
DA:49,4
DA:50,1
DA:51,4
DA:52,4
LH:52
LF:52
end_of_record
SF:src/utils/personalizationStorage.js
FN:15,getPersonalizationStorageKey
FN:20,sanitizeGuestPersonalization
FN:25,loadPersonalizationFromStorage
FNDA:3,getPersonalizationStorageKey
FNDA:1,sanitizeGuestPersonalization
FNDA:1,loadPersonalizationFromStorage
FNF:3
FNH:3
BRDA:1,0,0,1
BRDA:15,1,0,3
BRDA:16,2,0,2
BRDA:16,3,0,1
BRDA:20,4,0,1
BRDA:25,5,0,1
BRDA:26,6,0,0
BRDA:27,7,0,0
BRDA:32,8,0,0
BRDA:36,9,0,0
BRF:10
BRH:6
DA:1,1
DA:2,1
DA:3,1
DA:4,1
DA:5,1
DA:6,1
DA:7,1
DA:8,1
DA:9,1
DA:10,1
DA:11,1
DA:12,1
DA:13,1
DA:14,1
DA:15,1
DA:16,3
DA:17,1
DA:18,3
DA:19,1
DA:20,1
DA:21,1
DA:22,1
DA:23,1
DA:24,1
DA:25,1
DA:26,1
DA:27,1
DA:28,0
DA:29,0
DA:30,1
DA:31,1
DA:32,1
DA:33,0
DA:34,0
DA:35,0
DA:36,1
DA:37,0
DA:38,0
DA:39,1
DA:40,1
LH:33
LF:40
end_of_record
SF:src/utils/spreadEntitlements.js
FN:9,resolveFallbackSpreadKey
FNDA:4,resolveFallbackSpreadKey
FNF:1
FNH:1
BRDA:1,0,0,1
BRDA:9,1,0,4
BRDA:10,2,0,0
BRDA:12,3,0,3
BRDA:12,4,0,1
BRDA:14,5,0,3
BRDA:17,6,0,0
BRDA:20,7,0,0
BRF:8
BRH:5
DA:1,1
DA:2,1
DA:3,1
DA:4,1
DA:5,1
DA:6,1
DA:7,1
DA:8,1
DA:9,1
DA:10,4
DA:11,4
DA:12,4
DA:13,1
DA:14,1
DA:15,3
DA:16,3
DA:17,3
DA:18,0
DA:19,3
DA:20,3
DA:21,0
DA:22,0
DA:23,4
LH:20
LF:23
end_of_record
